[0.010s] Invoking command in '/home/hema/ankhrobotics.github.io/Lectures/ros2_course/dolly_ws/build/dolly': AMENT_PREFIX_PATH=/home/hema/ankhrobotics.github.io/Lectures/ros2_course/dolly_ws/install/dolly_gazebo:/home/hema/ankhrobotics.github.io/Lectures/ros2_course/dolly_ws/install/dolly_follow:${AMENT_PREFIX_PATH} CMAKE_PREFIX_PATH=/home/hema/ankhrobotics.github.io/Lectures/ros2_course/dolly_ws/install/dolly_gazebo:/home/hema/ankhrobotics.github.io/Lectures/ros2_course/dolly_ws/install/dolly_follow:/opt/ros/eloquent GAZEBO_MODEL_PATH=/home/hema/ankhrobotics.github.io/Lectures/ros2_course/dolly_ws/install/dolly_gazebo/share/dolly_gazebo/models GAZEBO_RESOURCE_PATH=/home/hema/ankhrobotics.github.io/Lectures/ros2_course/dolly_ws/install/dolly_gazebo/share/dolly_gazebo/worlds /usr/local/bin/cmake --build /home/hema/ankhrobotics.github.io/Lectures/ros2_course/dolly_ws/build/dolly -- -j4 -l4
[0.027s] Invoked command in '/home/hema/ankhrobotics.github.io/Lectures/ros2_course/dolly_ws/build/dolly' returned '0': AMENT_PREFIX_PATH=/home/hema/ankhrobotics.github.io/Lectures/ros2_course/dolly_ws/install/dolly_gazebo:/home/hema/ankhrobotics.github.io/Lectures/ros2_course/dolly_ws/install/dolly_follow:${AMENT_PREFIX_PATH} CMAKE_PREFIX_PATH=/home/hema/ankhrobotics.github.io/Lectures/ros2_course/dolly_ws/install/dolly_gazebo:/home/hema/ankhrobotics.github.io/Lectures/ros2_course/dolly_ws/install/dolly_follow:/opt/ros/eloquent GAZEBO_MODEL_PATH=/home/hema/ankhrobotics.github.io/Lectures/ros2_course/dolly_ws/install/dolly_gazebo/share/dolly_gazebo/models GAZEBO_RESOURCE_PATH=/home/hema/ankhrobotics.github.io/Lectures/ros2_course/dolly_ws/install/dolly_gazebo/share/dolly_gazebo/worlds /usr/local/bin/cmake --build /home/hema/ankhrobotics.github.io/Lectures/ros2_course/dolly_ws/build/dolly -- -j4 -l4
[0.044s] Invoking command in '/home/hema/ankhrobotics.github.io/Lectures/ros2_course/dolly_ws/build/dolly': AMENT_PREFIX_PATH=/home/hema/ankhrobotics.github.io/Lectures/ros2_course/dolly_ws/install/dolly_gazebo:/home/hema/ankhrobotics.github.io/Lectures/ros2_course/dolly_ws/install/dolly_follow:${AMENT_PREFIX_PATH} CMAKE_PREFIX_PATH=/home/hema/ankhrobotics.github.io/Lectures/ros2_course/dolly_ws/install/dolly_gazebo:/home/hema/ankhrobotics.github.io/Lectures/ros2_course/dolly_ws/install/dolly_follow:/opt/ros/eloquent GAZEBO_MODEL_PATH=/home/hema/ankhrobotics.github.io/Lectures/ros2_course/dolly_ws/install/dolly_gazebo/share/dolly_gazebo/models GAZEBO_RESOURCE_PATH=/home/hema/ankhrobotics.github.io/Lectures/ros2_course/dolly_ws/install/dolly_gazebo/share/dolly_gazebo/worlds /usr/local/bin/cmake --build /home/hema/ankhrobotics.github.io/Lectures/ros2_course/dolly_ws/build/dolly --target install -- -j4 -l4
[0.057s] [36mInstall the project...[0m
[0.059s] -- Install configuration: ""
[0.059s] -- Up-to-date: /home/hema/ankhrobotics.github.io/Lectures/ros2_course/dolly_ws/install/dolly/share/ament_index/resource_index/package_run_dependencies/dolly
[0.059s] -- Up-to-date: /home/hema/ankhrobotics.github.io/Lectures/ros2_course/dolly_ws/install/dolly/share/ament_index/resource_index/parent_prefix_path/dolly
[0.059s] -- Up-to-date: /home/hema/ankhrobotics.github.io/Lectures/ros2_course/dolly_ws/install/dolly/share/dolly/environment/ament_prefix_path.sh
[0.059s] -- Up-to-date: /home/hema/ankhrobotics.github.io/Lectures/ros2_course/dolly_ws/install/dolly/share/dolly/environment/ament_prefix_path.dsv
[0.060s] -- Up-to-date: /home/hema/ankhrobotics.github.io/Lectures/ros2_course/dolly_ws/install/dolly/share/dolly/environment/path.sh
[0.060s] -- Up-to-date: /home/hema/ankhrobotics.github.io/Lectures/ros2_course/dolly_ws/install/dolly/share/dolly/environment/path.dsv
[0.060s] -- Up-to-date: /home/hema/ankhrobotics.github.io/Lectures/ros2_course/dolly_ws/install/dolly/share/dolly/local_setup.bash
[0.060s] -- Up-to-date: /home/hema/ankhrobotics.github.io/Lectures/ros2_course/dolly_ws/install/dolly/share/dolly/local_setup.sh
[0.060s] -- Up-to-date: /home/hema/ankhrobotics.github.io/Lectures/ros2_course/dolly_ws/install/dolly/share/dolly/local_setup.zsh
[0.060s] -- Up-to-date: /home/hema/ankhrobotics.github.io/Lectures/ros2_course/dolly_ws/install/dolly/share/dolly/local_setup.dsv
[0.060s] -- Up-to-date: /home/hema/ankhrobotics.github.io/Lectures/ros2_course/dolly_ws/install/dolly/share/dolly/package.dsv
[0.061s] -- Up-to-date: /home/hema/ankhrobotics.github.io/Lectures/ros2_course/dolly_ws/install/dolly/share/ament_index/resource_index/packages/dolly
[0.061s] -- Up-to-date: /home/hema/ankhrobotics.github.io/Lectures/ros2_course/dolly_ws/install/dolly/share/dolly/cmake/dollyConfig.cmake
[0.061s] -- Up-to-date: /home/hema/ankhrobotics.github.io/Lectures/ros2_course/dolly_ws/install/dolly/share/dolly/cmake/dollyConfig-version.cmake
[0.061s] -- Up-to-date: /home/hema/ankhrobotics.github.io/Lectures/ros2_course/dolly_ws/install/dolly/share/dolly/package.xml
[0.067s] Invoked command in '/home/hema/ankhrobotics.github.io/Lectures/ros2_course/dolly_ws/build/dolly' returned '0': AMENT_PREFIX_PATH=/home/hema/ankhrobotics.github.io/Lectures/ros2_course/dolly_ws/install/dolly_gazebo:/home/hema/ankhrobotics.github.io/Lectures/ros2_course/dolly_ws/install/dolly_follow:${AMENT_PREFIX_PATH} CMAKE_PREFIX_PATH=/home/hema/ankhrobotics.github.io/Lectures/ros2_course/dolly_ws/install/dolly_gazebo:/home/hema/ankhrobotics.github.io/Lectures/ros2_course/dolly_ws/install/dolly_follow:/opt/ros/eloquent GAZEBO_MODEL_PATH=/home/hema/ankhrobotics.github.io/Lectures/ros2_course/dolly_ws/install/dolly_gazebo/share/dolly_gazebo/models GAZEBO_RESOURCE_PATH=/home/hema/ankhrobotics.github.io/Lectures/ros2_course/dolly_ws/install/dolly_gazebo/share/dolly_gazebo/worlds /usr/local/bin/cmake --build /home/hema/ankhrobotics.github.io/Lectures/ros2_course/dolly_ws/build/dolly --target install -- -j4 -l4
