[0.096s] Invoking command in '/home/hema/ankhrobotics.github.io/Lectures/ros2_course/dolly_ws/build/dolly_follow': CMAKE_PREFIX_PATH=/opt/ros/eloquent /usr/local/bin/cmake /home/hema/ankhrobotics.github.io/Lectures/ros2_course/dolly_ws/src/dolly/dolly_follow -DCMAKE_INSTALL_PREFIX=/home/hema/ankhrobotics.github.io/Lectures/ros2_course/dolly_ws/install/dolly_follow
[0.599s] -- The C compiler identification is GNU 8.4.0
[0.877s] -- The CXX compiler identification is GNU 8.4.0
[0.887s] -- Check for working C compiler: /usr/bin/cc
[0.944s] -- Check for working C compiler: /usr/bin/cc - works
[0.948s] -- Detecting C compiler ABI info
[0.996s] -- Detecting C compiler ABI info - done
[1.008s] -- Detecting C compile features
[1.008s] -- Detecting C compile features - done
[1.012s] -- Check for working CXX compiler: /usr/bin/c++
[1.071s] -- Check for working CXX compiler: /usr/bin/c++ - works
[1.072s] -- Detecting CXX compiler ABI info
[1.133s] -- Detecting CXX compiler ABI info - done
[1.145s] -- Detecting CXX compile features
[1.146s] -- Detecting CXX compile features - done
[1.592s] -- Found ament_cmake: 0.8.2 (/opt/ros/eloquent/share/ament_cmake/cmake)
[1.635s] -- Found PythonInterp: /usr/bin/python3 (found suitable version "3.6.9", minimum required is "3") 
[1.635s] -- Using PYTHON_EXECUTABLE: /usr/bin/python3
[2.043s] -- Found geometry_msgs: 0.8.1 (/opt/ros/eloquent/share/geometry_msgs/cmake)
[2.078s] -- Found rosidl_adapter: 0.8.2 (/opt/ros/eloquent/share/rosidl_adapter/cmake)
[2.137s] -- Found rclcpp: 0.8.4 (/opt/ros/eloquent/share/rclcpp/cmake)
[2.162s] -- Found rmw_implementation_cmake: 0.8.1 (/opt/ros/eloquent/share/rmw_implementation_cmake/cmake)
[2.165s] -- Using RMW implementation 'rmw_fastrtps_cpp' as default
[2.167s] -- Looking for pthread.h
[2.740s] -- Looking for pthread.h - found
[2.740s] -- Performing Test CMAKE_HAVE_LIBC_PTHREAD
[3.059s] -- Performing Test CMAKE_HAVE_LIBC_PTHREAD - Failed
[3.059s] -- Looking for pthread_create in pthreads
[3.124s] -- Looking for pthread_create in pthreads - not found
[3.125s] -- Looking for pthread_create in pthread
[3.180s] -- Looking for pthread_create in pthread - found
[3.181s] -- Found Threads: TRUE  
[3.230s] -- Found sensor_msgs: 0.8.1 (/opt/ros/eloquent/share/sensor_msgs/cmake)
[3.283s] -- Found ament_lint_auto: 0.8.1 (/opt/ros/eloquent/share/ament_lint_auto/cmake)
[3.382s] -- Added test 'copyright' to check for copyright in CMake / C / C++ / Python code
[3.384s] -- Added test 'cppcheck' to perform static code analysis on C / C++ code
[3.384s] -- Configured cppcheck include dirs: 
[3.385s] -- Added test 'cpplint' to check C / C++ code against the Google style
[3.386s] -- Added test 'lint_cmake' to check CMake code style
[3.387s] -- Added test 'uncrustify' to check C / C++ code style
[3.388s] -- Added test 'xmllint' to check XML markup files
[3.390s] -- Configuring done
[3.450s] -- Generating done
[3.454s] -- Build files have been written to: /home/hema/ankhrobotics.github.io/Lectures/ros2_course/dolly_ws/build/dolly_follow
[3.463s] Invoked command in '/home/hema/ankhrobotics.github.io/Lectures/ros2_course/dolly_ws/build/dolly_follow' returned '0': CMAKE_PREFIX_PATH=/opt/ros/eloquent /usr/local/bin/cmake /home/hema/ankhrobotics.github.io/Lectures/ros2_course/dolly_ws/src/dolly/dolly_follow -DCMAKE_INSTALL_PREFIX=/home/hema/ankhrobotics.github.io/Lectures/ros2_course/dolly_ws/install/dolly_follow
[3.468s] Invoking command in '/home/hema/ankhrobotics.github.io/Lectures/ros2_course/dolly_ws/build/dolly_follow': CMAKE_PREFIX_PATH=/opt/ros/eloquent /usr/local/bin/cmake --build /home/hema/ankhrobotics.github.io/Lectures/ros2_course/dolly_ws/build/dolly_follow -- -j4 -l4
[3.486s] [35m[1mScanning dependencies of target dolly_follow[0m
[3.594s] [ 50%] [32mBuilding CXX object CMakeFiles/dolly_follow.dir/src/dolly_follow.cpp.o[0m
[7.260s] [100%] [32m[1mLinking CXX executable dolly_follow[0m
[7.514s] [100%] Built target dolly_follow
[7.518s] Invoked command in '/home/hema/ankhrobotics.github.io/Lectures/ros2_course/dolly_ws/build/dolly_follow' returned '0': CMAKE_PREFIX_PATH=/opt/ros/eloquent /usr/local/bin/cmake --build /home/hema/ankhrobotics.github.io/Lectures/ros2_course/dolly_ws/build/dolly_follow -- -j4 -l4
[7.556s] Invoking command in '/home/hema/ankhrobotics.github.io/Lectures/ros2_course/dolly_ws/build/dolly_follow': CMAKE_PREFIX_PATH=/opt/ros/eloquent /usr/local/bin/cmake --build /home/hema/ankhrobotics.github.io/Lectures/ros2_course/dolly_ws/build/dolly_follow --target install -- -j4 -l4
[7.578s] [100%] Built target dolly_follow
[7.583s] [36mInstall the project...[0m
[7.585s] -- Install configuration: ""
[7.585s] -- Installing: /home/hema/ankhrobotics.github.io/Lectures/ros2_course/dolly_ws/install/dolly_follow/lib/dolly_follow/dolly_follow
[7.587s] -- Set runtime path of "/home/hema/ankhrobotics.github.io/Lectures/ros2_course/dolly_ws/install/dolly_follow/lib/dolly_follow/dolly_follow" to ""
[7.587s] -- Installing: /home/hema/ankhrobotics.github.io/Lectures/ros2_course/dolly_ws/install/dolly_follow/share/ament_index/resource_index/package_run_dependencies/dolly_follow
[7.587s] -- Installing: /home/hema/ankhrobotics.github.io/Lectures/ros2_course/dolly_ws/install/dolly_follow/share/ament_index/resource_index/parent_prefix_path/dolly_follow
[7.587s] -- Installing: /home/hema/ankhrobotics.github.io/Lectures/ros2_course/dolly_ws/install/dolly_follow/share/dolly_follow/environment/ament_prefix_path.sh
[7.588s] -- Installing: /home/hema/ankhrobotics.github.io/Lectures/ros2_course/dolly_ws/install/dolly_follow/share/dolly_follow/environment/ament_prefix_path.dsv
[7.588s] -- Installing: /home/hema/ankhrobotics.github.io/Lectures/ros2_course/dolly_ws/install/dolly_follow/share/dolly_follow/environment/path.sh
[7.588s] -- Installing: /home/hema/ankhrobotics.github.io/Lectures/ros2_course/dolly_ws/install/dolly_follow/share/dolly_follow/environment/path.dsv
[7.588s] -- Installing: /home/hema/ankhrobotics.github.io/Lectures/ros2_course/dolly_ws/install/dolly_follow/share/dolly_follow/local_setup.bash
[7.588s] -- Installing: /home/hema/ankhrobotics.github.io/Lectures/ros2_course/dolly_ws/install/dolly_follow/share/dolly_follow/local_setup.sh
[7.588s] -- Installing: /home/hema/ankhrobotics.github.io/Lectures/ros2_course/dolly_ws/install/dolly_follow/share/dolly_follow/local_setup.zsh
[7.588s] -- Installing: /home/hema/ankhrobotics.github.io/Lectures/ros2_course/dolly_ws/install/dolly_follow/share/dolly_follow/local_setup.dsv
[7.588s] -- Installing: /home/hema/ankhrobotics.github.io/Lectures/ros2_course/dolly_ws/install/dolly_follow/share/dolly_follow/package.dsv
[7.588s] -- Installing: /home/hema/ankhrobotics.github.io/Lectures/ros2_course/dolly_ws/install/dolly_follow/share/ament_index/resource_index/packages/dolly_follow
[7.588s] -- Installing: /home/hema/ankhrobotics.github.io/Lectures/ros2_course/dolly_ws/install/dolly_follow/share/dolly_follow/cmake/dolly_followConfig.cmake
[7.589s] -- Installing: /home/hema/ankhrobotics.github.io/Lectures/ros2_course/dolly_ws/install/dolly_follow/share/dolly_follow/cmake/dolly_followConfig-version.cmake
[7.589s] -- Installing: /home/hema/ankhrobotics.github.io/Lectures/ros2_course/dolly_ws/install/dolly_follow/share/dolly_follow/package.xml
[7.593s] Invoked command in '/home/hema/ankhrobotics.github.io/Lectures/ros2_course/dolly_ws/build/dolly_follow' returned '0': CMAKE_PREFIX_PATH=/opt/ros/eloquent /usr/local/bin/cmake --build /home/hema/ankhrobotics.github.io/Lectures/ros2_course/dolly_ws/build/dolly_follow --target install -- -j4 -l4
