[0.804s] DEBUG:colcon:Command line arguments: ['/home/hema/.local/bin/colcon', 'build']
[0.804s] DEBUG:colcon:Parsed command line arguments: Namespace(ament_cmake_args=None, base_paths=['.'], build_base='build', catkin_cmake_args=None, catkin_skip_building_tests=False, cmake_args=None, cmake_clean_cache=False, cmake_clean_first=False, cmake_force_configure=False, cmake_target=None, cmake_target_skip_unavailable=False, continue_on_error=False, event_handlers=None, executor='parallel', ignore_user_meta=False, install_base='install', log_base=None, log_level=None, main=<bound method BuildVerb.main of <colcon_core.verb.build.BuildVerb object at 0x7f9f6b6994e0>>, merge_install=False, metas=['./colcon.meta'], packages_above=None, packages_above_depth=None, packages_end=None, packages_ignore=None, packages_ignore_regex=None, packages_select=None, packages_select_build_failed=False, packages_select_by_dep=None, packages_select_regex=None, packages_select_test_failures=False, packages_skip=None, packages_skip_build_finished=False, packages_skip_by_dep=None, packages_skip_regex=None, packages_skip_test_passed=False, packages_skip_up_to=None, packages_start=None, packages_up_to=None, parallel_workers=4, paths=None, symlink_install=False, test_result_base=None, verb_extension=<colcon_core.verb.build.BuildVerb object at 0x7f9f6b6994e0>, verb_name='build', verb_parser=<colcon_defaults.argument_parser.defaults.DefaultArgumentsDecorator object at 0x7f9f6b699748>)
[0.859s] Level 1:colcon.colcon_core.package_discovery:discover_packages(colcon_meta) check parameters
[0.859s] Level 1:colcon.colcon_core.package_discovery:discover_packages(recursive) check parameters
[0.859s] Level 1:colcon.colcon_core.package_discovery:discover_packages(ignore) check parameters
[0.859s] Level 1:colcon.colcon_core.package_discovery:discover_packages(path) check parameters
[0.859s] Level 1:colcon.colcon_core.package_discovery:discover_packages(colcon_meta) discover
[0.859s] Level 1:colcon.colcon_core.package_discovery:discover_packages(recursive) discover
[0.859s] INFO:colcon.colcon_core.package_discovery:Crawling recursively for packages in '/home/hema/ankhrobotics.github.io/Lectures/ros2_course/dolly_ws'
[0.859s] Level 1:colcon.colcon_core.package_identification:_identify(.) by extensions ['ignore', 'ignore_ament_install']
[0.860s] Level 1:colcon.colcon_core.package_identification:_identify(.) by extension 'ignore'
[0.860s] Level 1:colcon.colcon_core.package_identification:_identify(.) by extension 'ignore_ament_install'
[0.860s] Level 1:colcon.colcon_core.package_identification:_identify(.) by extensions ['colcon_pkg']
[0.860s] Level 1:colcon.colcon_core.package_identification:_identify(.) by extension 'colcon_pkg'
[0.860s] Level 1:colcon.colcon_core.package_identification:_identify(.) by extensions ['colcon_meta']
[0.860s] Level 1:colcon.colcon_core.package_identification:_identify(.) by extension 'colcon_meta'
[0.860s] Level 1:colcon.colcon_core.package_identification:_identify(.) by extensions ['ros']
[0.860s] Level 1:colcon.colcon_core.package_identification:_identify(.) by extension 'ros'
[0.873s] Level 1:colcon.colcon_core.package_identification:_identify(.) by extensions ['cmake', 'python']
[0.874s] Level 1:colcon.colcon_core.package_identification:_identify(.) by extension 'cmake'
[0.874s] Level 1:colcon.colcon_core.package_identification:_identify(.) by extension 'python'
[0.874s] Level 1:colcon.colcon_core.package_identification:_identify(.) by extensions ['python_setup_py']
[0.874s] Level 1:colcon.colcon_core.package_identification:_identify(.) by extension 'python_setup_py'
[0.874s] Level 1:colcon.colcon_core.package_identification:_identify(build) by extensions ['ignore', 'ignore_ament_install']
[0.874s] Level 1:colcon.colcon_core.package_identification:_identify(build) by extension 'ignore'
[0.874s] Level 1:colcon.colcon_core.package_identification:_identify(build) ignored
[0.874s] Level 1:colcon.colcon_core.package_identification:_identify(install) by extensions ['ignore', 'ignore_ament_install']
[0.875s] Level 1:colcon.colcon_core.package_identification:_identify(install) by extension 'ignore'
[0.875s] Level 1:colcon.colcon_core.package_identification:_identify(install) ignored
[0.875s] Level 1:colcon.colcon_core.package_identification:_identify(log) by extensions ['ignore', 'ignore_ament_install']
[0.875s] Level 1:colcon.colcon_core.package_identification:_identify(log) by extension 'ignore'
[0.875s] Level 1:colcon.colcon_core.package_identification:_identify(log) ignored
[0.875s] Level 1:colcon.colcon_core.package_identification:_identify(src) by extensions ['ignore', 'ignore_ament_install']
[0.875s] Level 1:colcon.colcon_core.package_identification:_identify(src) by extension 'ignore'
[0.875s] Level 1:colcon.colcon_core.package_identification:_identify(src) by extension 'ignore_ament_install'
[0.875s] Level 1:colcon.colcon_core.package_identification:_identify(src) by extensions ['colcon_pkg']
[0.875s] Level 1:colcon.colcon_core.package_identification:_identify(src) by extension 'colcon_pkg'
[0.875s] Level 1:colcon.colcon_core.package_identification:_identify(src) by extensions ['colcon_meta']
[0.875s] Level 1:colcon.colcon_core.package_identification:_identify(src) by extension 'colcon_meta'
[0.876s] Level 1:colcon.colcon_core.package_identification:_identify(src) by extensions ['ros']
[0.876s] Level 1:colcon.colcon_core.package_identification:_identify(src) by extension 'ros'
[0.876s] Level 1:colcon.colcon_core.package_identification:_identify(src) by extensions ['cmake', 'python']
[0.876s] Level 1:colcon.colcon_core.package_identification:_identify(src) by extension 'cmake'
[0.876s] Level 1:colcon.colcon_core.package_identification:_identify(src) by extension 'python'
[0.876s] Level 1:colcon.colcon_core.package_identification:_identify(src) by extensions ['python_setup_py']
[0.876s] Level 1:colcon.colcon_core.package_identification:_identify(src) by extension 'python_setup_py'
[0.876s] Level 1:colcon.colcon_core.package_identification:_identify(src/dolly) by extensions ['ignore', 'ignore_ament_install']
[0.876s] Level 1:colcon.colcon_core.package_identification:_identify(src/dolly) by extension 'ignore'
[0.876s] Level 1:colcon.colcon_core.package_identification:_identify(src/dolly) by extension 'ignore_ament_install'
[0.876s] Level 1:colcon.colcon_core.package_identification:_identify(src/dolly) by extensions ['colcon_pkg']
[0.876s] Level 1:colcon.colcon_core.package_identification:_identify(src/dolly) by extension 'colcon_pkg'
[0.876s] Level 1:colcon.colcon_core.package_identification:_identify(src/dolly) by extensions ['colcon_meta']
[0.876s] Level 1:colcon.colcon_core.package_identification:_identify(src/dolly) by extension 'colcon_meta'
[0.876s] Level 1:colcon.colcon_core.package_identification:_identify(src/dolly) by extensions ['ros']
[0.876s] Level 1:colcon.colcon_core.package_identification:_identify(src/dolly) by extension 'ros'
[0.877s] Level 1:colcon.colcon_core.package_identification:_identify(src/dolly) by extensions ['cmake', 'python']
[0.877s] Level 1:colcon.colcon_core.package_identification:_identify(src/dolly) by extension 'cmake'
[0.877s] Level 1:colcon.colcon_core.package_identification:_identify(src/dolly) by extension 'python'
[0.877s] Level 1:colcon.colcon_core.package_identification:_identify(src/dolly) by extensions ['python_setup_py']
[0.877s] Level 1:colcon.colcon_core.package_identification:_identify(src/dolly) by extension 'python_setup_py'
[0.877s] Level 1:colcon.colcon_core.package_identification:_identify(src/dolly/dolly) by extensions ['ignore', 'ignore_ament_install']
[0.877s] Level 1:colcon.colcon_core.package_identification:_identify(src/dolly/dolly) by extension 'ignore'
[0.877s] Level 1:colcon.colcon_core.package_identification:_identify(src/dolly/dolly) by extension 'ignore_ament_install'
[0.877s] Level 1:colcon.colcon_core.package_identification:_identify(src/dolly/dolly) by extensions ['colcon_pkg']
[0.877s] Level 1:colcon.colcon_core.package_identification:_identify(src/dolly/dolly) by extension 'colcon_pkg'
[0.877s] Level 1:colcon.colcon_core.package_identification:_identify(src/dolly/dolly) by extensions ['colcon_meta']
[0.877s] Level 1:colcon.colcon_core.package_identification:_identify(src/dolly/dolly) by extension 'colcon_meta'
[0.877s] Level 1:colcon.colcon_core.package_identification:_identify(src/dolly/dolly) by extensions ['ros']
[0.877s] Level 1:colcon.colcon_core.package_identification:_identify(src/dolly/dolly) by extension 'ros'
[0.880s] DEBUG:colcon.colcon_core.package_identification:Package 'src/dolly/dolly' with type 'ros.ament_cmake' and name 'dolly'
[0.880s] Level 1:colcon.colcon_core.package_identification:_identify(src/dolly/dolly_follow) by extensions ['ignore', 'ignore_ament_install']
[0.880s] Level 1:colcon.colcon_core.package_identification:_identify(src/dolly/dolly_follow) by extension 'ignore'
[0.880s] Level 1:colcon.colcon_core.package_identification:_identify(src/dolly/dolly_follow) by extension 'ignore_ament_install'
[0.880s] Level 1:colcon.colcon_core.package_identification:_identify(src/dolly/dolly_follow) by extensions ['colcon_pkg']
[0.881s] Level 1:colcon.colcon_core.package_identification:_identify(src/dolly/dolly_follow) by extension 'colcon_pkg'
[0.881s] Level 1:colcon.colcon_core.package_identification:_identify(src/dolly/dolly_follow) by extensions ['colcon_meta']
[0.881s] Level 1:colcon.colcon_core.package_identification:_identify(src/dolly/dolly_follow) by extension 'colcon_meta'
[0.881s] Level 1:colcon.colcon_core.package_identification:_identify(src/dolly/dolly_follow) by extensions ['ros']
[0.881s] Level 1:colcon.colcon_core.package_identification:_identify(src/dolly/dolly_follow) by extension 'ros'
[0.882s] DEBUG:colcon.colcon_core.package_identification:Package 'src/dolly/dolly_follow' with type 'ros.ament_cmake' and name 'dolly_follow'
[0.882s] Level 1:colcon.colcon_core.package_identification:_identify(src/dolly/dolly_gazebo) by extensions ['ignore', 'ignore_ament_install']
[0.882s] Level 1:colcon.colcon_core.package_identification:_identify(src/dolly/dolly_gazebo) by extension 'ignore'
[0.882s] Level 1:colcon.colcon_core.package_identification:_identify(src/dolly/dolly_gazebo) by extension 'ignore_ament_install'
[0.882s] Level 1:colcon.colcon_core.package_identification:_identify(src/dolly/dolly_gazebo) by extensions ['colcon_pkg']
[0.882s] Level 1:colcon.colcon_core.package_identification:_identify(src/dolly/dolly_gazebo) by extension 'colcon_pkg'
[0.882s] Level 1:colcon.colcon_core.package_identification:_identify(src/dolly/dolly_gazebo) by extensions ['colcon_meta']
[0.882s] Level 1:colcon.colcon_core.package_identification:_identify(src/dolly/dolly_gazebo) by extension 'colcon_meta'
[0.882s] Level 1:colcon.colcon_core.package_identification:_identify(src/dolly/dolly_gazebo) by extensions ['ros']
[0.882s] Level 1:colcon.colcon_core.package_identification:_identify(src/dolly/dolly_gazebo) by extension 'ros'
[0.883s] DEBUG:colcon.colcon_core.package_identification:Package 'src/dolly/dolly_gazebo' with type 'ros.ament_cmake' and name 'dolly_gazebo'
[0.883s] Level 1:colcon.colcon_core.package_identification:_identify(src/dolly/dolly_ignition) by extensions ['ignore', 'ignore_ament_install']
[0.883s] Level 1:colcon.colcon_core.package_identification:_identify(src/dolly/dolly_ignition) by extension 'ignore'
[0.883s] Level 1:colcon.colcon_core.package_identification:_identify(src/dolly/dolly_ignition) by extension 'ignore_ament_install'
[0.883s] Level 1:colcon.colcon_core.package_identification:_identify(src/dolly/dolly_ignition) by extensions ['colcon_pkg']
[0.883s] Level 1:colcon.colcon_core.package_identification:_identify(src/dolly/dolly_ignition) by extension 'colcon_pkg'
[0.884s] Level 1:colcon.colcon_core.package_identification:_identify(src/dolly/dolly_ignition) by extensions ['colcon_meta']
[0.884s] Level 1:colcon.colcon_core.package_identification:_identify(src/dolly/dolly_ignition) by extension 'colcon_meta'
[0.884s] Level 1:colcon.colcon_core.package_identification:_identify(src/dolly/dolly_ignition) by extensions ['ros']
[0.884s] Level 1:colcon.colcon_core.package_identification:_identify(src/dolly/dolly_ignition) by extension 'ros'
[0.884s] DEBUG:colcon.colcon_core.package_identification:Package 'src/dolly/dolly_ignition' with type 'ros.ament_cmake' and name 'dolly_ignition'
[0.884s] Level 1:colcon.colcon_core.package_identification:_identify(src/dolly/images) by extensions ['ignore', 'ignore_ament_install']
[0.885s] Level 1:colcon.colcon_core.package_identification:_identify(src/dolly/images) by extension 'ignore'
[0.885s] Level 1:colcon.colcon_core.package_identification:_identify(src/dolly/images) by extension 'ignore_ament_install'
[0.885s] Level 1:colcon.colcon_core.package_identification:_identify(src/dolly/images) by extensions ['colcon_pkg']
[0.885s] Level 1:colcon.colcon_core.package_identification:_identify(src/dolly/images) by extension 'colcon_pkg'
[0.885s] Level 1:colcon.colcon_core.package_identification:_identify(src/dolly/images) by extensions ['colcon_meta']
[0.885s] Level 1:colcon.colcon_core.package_identification:_identify(src/dolly/images) by extension 'colcon_meta'
[0.885s] Level 1:colcon.colcon_core.package_identification:_identify(src/dolly/images) by extensions ['ros']
[0.885s] Level 1:colcon.colcon_core.package_identification:_identify(src/dolly/images) by extension 'ros'
[0.885s] Level 1:colcon.colcon_core.package_identification:_identify(src/dolly/images) by extensions ['cmake', 'python']
[0.885s] Level 1:colcon.colcon_core.package_identification:_identify(src/dolly/images) by extension 'cmake'
[0.885s] Level 1:colcon.colcon_core.package_identification:_identify(src/dolly/images) by extension 'python'
[0.885s] Level 1:colcon.colcon_core.package_identification:_identify(src/dolly/images) by extensions ['python_setup_py']
[0.885s] Level 1:colcon.colcon_core.package_identification:_identify(src/dolly/images) by extension 'python_setup_py'
[0.885s] Level 1:colcon.colcon_core.package_discovery:discover_packages(recursive) using defaults
[0.886s] Level 1:colcon.colcon_core.package_discovery:discover_packages(ignore) discover
[0.886s] Level 1:colcon.colcon_core.package_discovery:discover_packages(ignore) using defaults
[0.886s] Level 1:colcon.colcon_core.package_discovery:discover_packages(path) discover
[0.886s] Level 1:colcon.colcon_core.package_discovery:discover_packages(path) using defaults
[0.898s] Level 1:colcon.colcon_core.package_augmentation.check_dependency_constraint:dolly depends on dolly_gazebo which has version 0.2.0: constraints {}
[0.899s] Level 1:colcon.colcon_core.package_augmentation.check_dependency_constraint:dolly depends on dolly_follow which has version 0.2.0: constraints {}
[0.899s] Level 1:colcon.colcon_core.package_augmentation.check_dependency_constraint:dolly depends on dolly_ignition which has version 0.3.0: constraints {}
[0.899s] Level 1:colcon.colcon_core.package_augmentation.check_dependency_constraint:dolly_gazebo depends on dolly_follow which has version 0.2.0: constraints {}
[0.899s] Level 1:colcon.colcon_core.package_augmentation.check_dependency_constraint:dolly_ignition depends on dolly_follow which has version 0.2.0: constraints {}
[0.915s] Level 5:colcon.colcon_core.verb:set package 'dolly_follow' build argument 'cmake_args' from command line to 'None'
[0.915s] Level 5:colcon.colcon_core.verb:set package 'dolly_follow' build argument 'cmake_target' from command line to 'None'
[0.915s] Level 5:colcon.colcon_core.verb:set package 'dolly_follow' build argument 'cmake_target_skip_unavailable' from command line to 'False'
[0.915s] Level 5:colcon.colcon_core.verb:set package 'dolly_follow' build argument 'cmake_clean_cache' from command line to 'False'
[0.915s] Level 5:colcon.colcon_core.verb:set package 'dolly_follow' build argument 'cmake_clean_first' from command line to 'False'
[0.915s] Level 5:colcon.colcon_core.verb:set package 'dolly_follow' build argument 'cmake_force_configure' from command line to 'False'
[0.915s] Level 5:colcon.colcon_core.verb:set package 'dolly_follow' build argument 'ament_cmake_args' from command line to 'None'
[0.915s] Level 5:colcon.colcon_core.verb:set package 'dolly_follow' build argument 'catkin_cmake_args' from command line to 'None'
[0.915s] Level 5:colcon.colcon_core.verb:set package 'dolly_follow' build argument 'catkin_skip_building_tests' from command line to 'False'
[0.915s] DEBUG:colcon.colcon_core.verb:Building package 'dolly_follow' with the following arguments: {'ament_cmake_args': None, 'build_base': '/home/hema/ankhrobotics.github.io/Lectures/ros2_course/dolly_ws/build/dolly_follow', 'catkin_cmake_args': None, 'catkin_skip_building_tests': False, 'cmake_args': None, 'cmake_clean_cache': False, 'cmake_clean_first': False, 'cmake_force_configure': False, 'cmake_target': None, 'cmake_target_skip_unavailable': False, 'install_base': '/home/hema/ankhrobotics.github.io/Lectures/ros2_course/dolly_ws/install/dolly_follow', 'merge_install': False, 'path': '/home/hema/ankhrobotics.github.io/Lectures/ros2_course/dolly_ws/src/dolly/dolly_follow', 'symlink_install': False, 'test_result_base': None}
[0.925s] Level 5:colcon.colcon_core.verb:set package 'dolly_gazebo' build argument 'cmake_args' from command line to 'None'
[0.925s] Level 5:colcon.colcon_core.verb:set package 'dolly_gazebo' build argument 'cmake_target' from command line to 'None'
[0.925s] Level 5:colcon.colcon_core.verb:set package 'dolly_gazebo' build argument 'cmake_target_skip_unavailable' from command line to 'False'
[0.925s] Level 5:colcon.colcon_core.verb:set package 'dolly_gazebo' build argument 'cmake_clean_cache' from command line to 'False'
[0.925s] Level 5:colcon.colcon_core.verb:set package 'dolly_gazebo' build argument 'cmake_clean_first' from command line to 'False'
[0.925s] Level 5:colcon.colcon_core.verb:set package 'dolly_gazebo' build argument 'cmake_force_configure' from command line to 'False'
[0.925s] Level 5:colcon.colcon_core.verb:set package 'dolly_gazebo' build argument 'ament_cmake_args' from command line to 'None'
[0.925s] Level 5:colcon.colcon_core.verb:set package 'dolly_gazebo' build argument 'catkin_cmake_args' from command line to 'None'
[0.925s] Level 5:colcon.colcon_core.verb:set package 'dolly_gazebo' build argument 'catkin_skip_building_tests' from command line to 'False'
[0.925s] DEBUG:colcon.colcon_core.verb:Building package 'dolly_gazebo' with the following arguments: {'ament_cmake_args': None, 'build_base': '/home/hema/ankhrobotics.github.io/Lectures/ros2_course/dolly_ws/build/dolly_gazebo', 'catkin_cmake_args': None, 'catkin_skip_building_tests': False, 'cmake_args': None, 'cmake_clean_cache': False, 'cmake_clean_first': False, 'cmake_force_configure': False, 'cmake_target': None, 'cmake_target_skip_unavailable': False, 'install_base': '/home/hema/ankhrobotics.github.io/Lectures/ros2_course/dolly_ws/install/dolly_gazebo', 'merge_install': False, 'path': '/home/hema/ankhrobotics.github.io/Lectures/ros2_course/dolly_ws/src/dolly/dolly_gazebo', 'symlink_install': False, 'test_result_base': None}
[0.937s] Level 5:colcon.colcon_core.verb:set package 'dolly_ignition' build argument 'cmake_args' from command line to 'None'
[0.937s] Level 5:colcon.colcon_core.verb:set package 'dolly_ignition' build argument 'cmake_target' from command line to 'None'
[0.937s] Level 5:colcon.colcon_core.verb:set package 'dolly_ignition' build argument 'cmake_target_skip_unavailable' from command line to 'False'
[0.937s] Level 5:colcon.colcon_core.verb:set package 'dolly_ignition' build argument 'cmake_clean_cache' from command line to 'False'
[0.937s] Level 5:colcon.colcon_core.verb:set package 'dolly_ignition' build argument 'cmake_clean_first' from command line to 'False'
[0.937s] Level 5:colcon.colcon_core.verb:set package 'dolly_ignition' build argument 'cmake_force_configure' from command line to 'False'
[0.937s] Level 5:colcon.colcon_core.verb:set package 'dolly_ignition' build argument 'ament_cmake_args' from command line to 'None'
[0.937s] Level 5:colcon.colcon_core.verb:set package 'dolly_ignition' build argument 'catkin_cmake_args' from command line to 'None'
[0.937s] Level 5:colcon.colcon_core.verb:set package 'dolly_ignition' build argument 'catkin_skip_building_tests' from command line to 'False'
[0.937s] DEBUG:colcon.colcon_core.verb:Building package 'dolly_ignition' with the following arguments: {'ament_cmake_args': None, 'build_base': '/home/hema/ankhrobotics.github.io/Lectures/ros2_course/dolly_ws/build/dolly_ignition', 'catkin_cmake_args': None, 'catkin_skip_building_tests': False, 'cmake_args': None, 'cmake_clean_cache': False, 'cmake_clean_first': False, 'cmake_force_configure': False, 'cmake_target': None, 'cmake_target_skip_unavailable': False, 'install_base': '/home/hema/ankhrobotics.github.io/Lectures/ros2_course/dolly_ws/install/dolly_ignition', 'merge_install': False, 'path': '/home/hema/ankhrobotics.github.io/Lectures/ros2_course/dolly_ws/src/dolly/dolly_ignition', 'symlink_install': False, 'test_result_base': None}
[0.947s] Level 5:colcon.colcon_core.verb:set package 'dolly' build argument 'cmake_args' from command line to 'None'
[0.947s] Level 5:colcon.colcon_core.verb:set package 'dolly' build argument 'cmake_target' from command line to 'None'
[0.947s] Level 5:colcon.colcon_core.verb:set package 'dolly' build argument 'cmake_target_skip_unavailable' from command line to 'False'
[0.947s] Level 5:colcon.colcon_core.verb:set package 'dolly' build argument 'cmake_clean_cache' from command line to 'False'
[0.947s] Level 5:colcon.colcon_core.verb:set package 'dolly' build argument 'cmake_clean_first' from command line to 'False'
[0.947s] Level 5:colcon.colcon_core.verb:set package 'dolly' build argument 'cmake_force_configure' from command line to 'False'
[0.947s] Level 5:colcon.colcon_core.verb:set package 'dolly' build argument 'ament_cmake_args' from command line to 'None'
[0.947s] Level 5:colcon.colcon_core.verb:set package 'dolly' build argument 'catkin_cmake_args' from command line to 'None'
[0.947s] Level 5:colcon.colcon_core.verb:set package 'dolly' build argument 'catkin_skip_building_tests' from command line to 'False'
[0.947s] DEBUG:colcon.colcon_core.verb:Building package 'dolly' with the following arguments: {'ament_cmake_args': None, 'build_base': '/home/hema/ankhrobotics.github.io/Lectures/ros2_course/dolly_ws/build/dolly', 'catkin_cmake_args': None, 'catkin_skip_building_tests': False, 'cmake_args': None, 'cmake_clean_cache': False, 'cmake_clean_first': False, 'cmake_force_configure': False, 'cmake_target': None, 'cmake_target_skip_unavailable': False, 'install_base': '/home/hema/ankhrobotics.github.io/Lectures/ros2_course/dolly_ws/install/dolly', 'merge_install': False, 'path': '/home/hema/ankhrobotics.github.io/Lectures/ros2_course/dolly_ws/src/dolly/dolly', 'symlink_install': False, 'test_result_base': None}
[0.950s] INFO:colcon.colcon_core.executor:Executing jobs using 'parallel' executor
[0.966s] DEBUG:colcon.colcon_parallel_executor.executor.parallel:run_until_complete
[0.967s] INFO:colcon.colcon_ros.task.ament_cmake.build:Building ROS package in '/home/hema/ankhrobotics.github.io/Lectures/ros2_course/dolly_ws/src/dolly/dolly_follow' with build type 'ament_cmake'
[0.978s] INFO:colcon.colcon_core.plugin_system:Skipping extension 'colcon_core.shell.bat': Not used on non-Windows systems
[0.978s] INFO:colcon.colcon_cmake.task.cmake.build:Building CMake package in '/home/hema/ankhrobotics.github.io/Lectures/ros2_course/dolly_ws/src/dolly/dolly_follow'
[0.986s] INFO:colcon.colcon_core.shell:Skip shell extension 'powershell' for command environment: Not usable outside of PowerShell
[0.986s] DEBUG:colcon.colcon_core.shell:Skip shell extension 'dsv' for command environment
[0.992s] DEBUG:colcon.colcon_core.shell:Ignoring prefix path '/opt/ros/eloquent'
[1.005s] DEBUG:colcon.colcon_core.event_handler.log_command:Invoking command in '/home/hema/ankhrobotics.github.io/Lectures/ros2_course/dolly_ws/build/dolly_follow': CMAKE_PREFIX_PATH=/opt/ros/eloquent /usr/local/bin/cmake --build /home/hema/ankhrobotics.github.io/Lectures/ros2_course/dolly_ws/build/dolly_follow -- -j4 -l4
[1.026s] DEBUG:colcon.colcon_core.event_handler.log_command:Invoked command in '/home/hema/ankhrobotics.github.io/Lectures/ros2_course/dolly_ws/build/dolly_follow' returned '0': CMAKE_PREFIX_PATH=/opt/ros/eloquent /usr/local/bin/cmake --build /home/hema/ankhrobotics.github.io/Lectures/ros2_course/dolly_ws/build/dolly_follow -- -j4 -l4
[1.051s] DEBUG:colcon.colcon_core.event_handler.log_command:Invoking command in '/home/hema/ankhrobotics.github.io/Lectures/ros2_course/dolly_ws/build/dolly_follow': CMAKE_PREFIX_PATH=/opt/ros/eloquent /usr/local/bin/cmake --build /home/hema/ankhrobotics.github.io/Lectures/ros2_course/dolly_ws/build/dolly_follow --target install -- -j4 -l4
[1.079s] Level 1:colcon.colcon_core.environment:create_environment_scripts_only(dolly_follow)
[1.082s] DEBUG:colcon.colcon_core.event_handler.log_command:Invoked command in '/home/hema/ankhrobotics.github.io/Lectures/ros2_course/dolly_ws/build/dolly_follow' returned '0': CMAKE_PREFIX_PATH=/opt/ros/eloquent /usr/local/bin/cmake --build /home/hema/ankhrobotics.github.io/Lectures/ros2_course/dolly_ws/build/dolly_follow --target install -- -j4 -l4
[1.090s] Level 1:colcon.colcon_core.environment:checking '/home/hema/ankhrobotics.github.io/Lectures/ros2_course/dolly_ws/install/dolly_follow' for CMake module files
[1.091s] Level 1:colcon.colcon_core.environment:checking '/home/hema/ankhrobotics.github.io/Lectures/ros2_course/dolly_ws/install/dolly_follow' for CMake config files
[1.091s] Level 1:colcon.colcon_core.shell:create_environment_hook('dolly_follow', 'cmake_prefix_path')
[1.099s] INFO:colcon.colcon_core.shell:Creating environment hook '/home/hema/ankhrobotics.github.io/Lectures/ros2_course/dolly_ws/install/dolly_follow/share/dolly_follow/hook/cmake_prefix_path.ps1'
[1.100s] INFO:colcon.colcon_core.shell:Creating environment descriptor '/home/hema/ankhrobotics.github.io/Lectures/ros2_course/dolly_ws/install/dolly_follow/share/dolly_follow/hook/cmake_prefix_path.dsv'
[1.100s] INFO:colcon.colcon_core.shell:Creating environment hook '/home/hema/ankhrobotics.github.io/Lectures/ros2_course/dolly_ws/install/dolly_follow/share/dolly_follow/hook/cmake_prefix_path.sh'
[1.102s] Level 1:colcon.colcon_core.environment:checking '/home/hema/ankhrobotics.github.io/Lectures/ros2_course/dolly_ws/install/dolly_follow/lib'
[1.102s] Level 1:colcon.colcon_core.environment:checking '/home/hema/ankhrobotics.github.io/Lectures/ros2_course/dolly_ws/install/dolly_follow/bin'
[1.102s] Level 1:colcon.colcon_core.environment:checking '/home/hema/ankhrobotics.github.io/Lectures/ros2_course/dolly_ws/install/dolly_follow/lib/pkgconfig/dolly_follow.pc'
[1.102s] Level 1:colcon.colcon_core.environment:checking '/home/hema/ankhrobotics.github.io/Lectures/ros2_course/dolly_ws/install/dolly_follow/lib/python3.6/site-packages'
[1.110s] INFO:colcon.colcon_core.shell:Creating package script '/home/hema/ankhrobotics.github.io/Lectures/ros2_course/dolly_ws/install/dolly_follow/share/dolly_follow/package.ps1'
[1.111s] INFO:colcon.colcon_core.shell:Creating package descriptor '/home/hema/ankhrobotics.github.io/Lectures/ros2_course/dolly_ws/install/dolly_follow/share/dolly_follow/package.dsv'
[1.112s] INFO:colcon.colcon_core.shell:Creating package script '/home/hema/ankhrobotics.github.io/Lectures/ros2_course/dolly_ws/install/dolly_follow/share/dolly_follow/package.sh'
[1.113s] INFO:colcon.colcon_core.shell:Creating package script '/home/hema/ankhrobotics.github.io/Lectures/ros2_course/dolly_ws/install/dolly_follow/share/dolly_follow/package.bash'
[1.113s] INFO:colcon.colcon_core.shell:Creating package script '/home/hema/ankhrobotics.github.io/Lectures/ros2_course/dolly_ws/install/dolly_follow/share/dolly_follow/package.zsh'
[1.114s] Level 1:colcon.colcon_core.environment:create_file_with_runtime_dependencies(/home/hema/ankhrobotics.github.io/Lectures/ros2_course/dolly_ws/install/dolly_follow/share/colcon-core/packages/dolly_follow)
[1.115s] INFO:colcon.colcon_ros.task.ament_cmake.build:Building ROS package in '/home/hema/ankhrobotics.github.io/Lectures/ros2_course/dolly_ws/src/dolly/dolly_gazebo' with build type 'ament_cmake'
[1.122s] INFO:colcon.colcon_cmake.task.cmake.build:Building CMake package in '/home/hema/ankhrobotics.github.io/Lectures/ros2_course/dolly_ws/src/dolly/dolly_gazebo'
[1.130s] INFO:colcon.colcon_core.shell:Skip shell extension 'powershell' for command environment: Not usable outside of PowerShell
[1.130s] DEBUG:colcon.colcon_core.shell:Skip shell extension 'dsv' for command environment
[1.136s] DEBUG:colcon.colcon_core.shell:Ignoring prefix path '/opt/ros/eloquent'
[1.138s] INFO:colcon.colcon_ros.task.ament_cmake.build:Building ROS package in '/home/hema/ankhrobotics.github.io/Lectures/ros2_course/dolly_ws/src/dolly/dolly_ignition' with build type 'ament_cmake'
[1.149s] INFO:colcon.colcon_cmake.task.cmake.build:Building CMake package in '/home/hema/ankhrobotics.github.io/Lectures/ros2_course/dolly_ws/src/dolly/dolly_ignition'
[1.158s] INFO:colcon.colcon_core.shell:Skip shell extension 'powershell' for command environment: Not usable outside of PowerShell
[1.158s] DEBUG:colcon.colcon_core.shell:Skip shell extension 'dsv' for command environment
[1.164s] DEBUG:colcon.colcon_core.shell:Ignoring prefix path '/opt/ros/eloquent'
[1.174s] DEBUG:colcon.colcon_core.event_handler.log_command:Invoking command in '/home/hema/ankhrobotics.github.io/Lectures/ros2_course/dolly_ws/build/dolly_gazebo': AMENT_PREFIX_PATH=/home/hema/ankhrobotics.github.io/Lectures/ros2_course/dolly_ws/install/dolly_follow:${AMENT_PREFIX_PATH} CMAKE_PREFIX_PATH=/home/hema/ankhrobotics.github.io/Lectures/ros2_course/dolly_ws/install/dolly_follow:/opt/ros/eloquent /usr/local/bin/cmake --build /home/hema/ankhrobotics.github.io/Lectures/ros2_course/dolly_ws/build/dolly_gazebo -- -j4 -l4
[1.181s] DEBUG:colcon.colcon_core.event_handler.log_command:Invoking command in '/home/hema/ankhrobotics.github.io/Lectures/ros2_course/dolly_ws/build/dolly_ignition': AMENT_PREFIX_PATH=/home/hema/ankhrobotics.github.io/Lectures/ros2_course/dolly_ws/install/dolly_follow:${AMENT_PREFIX_PATH} CMAKE_PREFIX_PATH=/home/hema/ankhrobotics.github.io/Lectures/ros2_course/dolly_ws/install/dolly_follow:/opt/ros/eloquent /usr/local/bin/cmake --build /home/hema/ankhrobotics.github.io/Lectures/ros2_course/dolly_ws/build/dolly_ignition -- -j4 -l4
[1.193s] DEBUG:colcon.colcon_core.event_handler.log_command:Invoked command in '/home/hema/ankhrobotics.github.io/Lectures/ros2_course/dolly_ws/build/dolly_gazebo' returned '0': AMENT_PREFIX_PATH=/home/hema/ankhrobotics.github.io/Lectures/ros2_course/dolly_ws/install/dolly_follow:${AMENT_PREFIX_PATH} CMAKE_PREFIX_PATH=/home/hema/ankhrobotics.github.io/Lectures/ros2_course/dolly_ws/install/dolly_follow:/opt/ros/eloquent /usr/local/bin/cmake --build /home/hema/ankhrobotics.github.io/Lectures/ros2_course/dolly_ws/build/dolly_gazebo -- -j4 -l4
[1.197s] DEBUG:colcon.colcon_core.event_handler.log_command:Invoked command in '/home/hema/ankhrobotics.github.io/Lectures/ros2_course/dolly_ws/build/dolly_ignition' returned '0': AMENT_PREFIX_PATH=/home/hema/ankhrobotics.github.io/Lectures/ros2_course/dolly_ws/install/dolly_follow:${AMENT_PREFIX_PATH} CMAKE_PREFIX_PATH=/home/hema/ankhrobotics.github.io/Lectures/ros2_course/dolly_ws/install/dolly_follow:/opt/ros/eloquent /usr/local/bin/cmake --build /home/hema/ankhrobotics.github.io/Lectures/ros2_course/dolly_ws/build/dolly_ignition -- -j4 -l4
[1.209s] WARNING:colcon.colcon_cmake.task.cmake.build:Could not run installation step for package 'dolly_ignition' because it has no 'install' target
[1.209s] Level 1:colcon.colcon_core.environment:create_environment_scripts_only(dolly_ignition)
[1.218s] Level 1:colcon.colcon_core.environment:checking '/home/hema/ankhrobotics.github.io/Lectures/ros2_course/dolly_ws/install/dolly_ignition' for CMake module files
[1.219s] Level 1:colcon.colcon_core.environment:checking '/home/hema/ankhrobotics.github.io/Lectures/ros2_course/dolly_ws/install/dolly_ignition' for CMake config files
[1.220s] Level 1:colcon.colcon_core.environment:checking '/home/hema/ankhrobotics.github.io/Lectures/ros2_course/dolly_ws/install/dolly_ignition/bin'
[1.220s] Level 1:colcon.colcon_core.environment:checking '/home/hema/ankhrobotics.github.io/Lectures/ros2_course/dolly_ws/install/dolly_ignition/lib/pkgconfig/dolly_ignition.pc'
[1.220s] Level 1:colcon.colcon_core.environment:checking '/home/hema/ankhrobotics.github.io/Lectures/ros2_course/dolly_ws/install/dolly_ignition/lib/python3.6/site-packages'
[1.228s] INFO:colcon.colcon_core.shell:Creating package script '/home/hema/ankhrobotics.github.io/Lectures/ros2_course/dolly_ws/install/dolly_ignition/share/dolly_ignition/package.ps1'
[1.229s] INFO:colcon.colcon_core.shell:Creating package descriptor '/home/hema/ankhrobotics.github.io/Lectures/ros2_course/dolly_ws/install/dolly_ignition/share/dolly_ignition/package.dsv'
[1.229s] INFO:colcon.colcon_core.shell:Creating package script '/home/hema/ankhrobotics.github.io/Lectures/ros2_course/dolly_ws/install/dolly_ignition/share/dolly_ignition/package.sh'
[1.230s] INFO:colcon.colcon_core.shell:Creating package script '/home/hema/ankhrobotics.github.io/Lectures/ros2_course/dolly_ws/install/dolly_ignition/share/dolly_ignition/package.bash'
[1.230s] INFO:colcon.colcon_core.shell:Creating package script '/home/hema/ankhrobotics.github.io/Lectures/ros2_course/dolly_ws/install/dolly_ignition/share/dolly_ignition/package.zsh'
[1.230s] Level 1:colcon.colcon_core.environment:create_file_with_runtime_dependencies(/home/hema/ankhrobotics.github.io/Lectures/ros2_course/dolly_ws/install/dolly_ignition/share/colcon-core/packages/dolly_ignition)
[1.236s] DEBUG:colcon.colcon_core.event_handler.log_command:Invoking command in '/home/hema/ankhrobotics.github.io/Lectures/ros2_course/dolly_ws/build/dolly_gazebo': AMENT_PREFIX_PATH=/home/hema/ankhrobotics.github.io/Lectures/ros2_course/dolly_ws/install/dolly_follow:${AMENT_PREFIX_PATH} CMAKE_PREFIX_PATH=/home/hema/ankhrobotics.github.io/Lectures/ros2_course/dolly_ws/install/dolly_follow:/opt/ros/eloquent /usr/local/bin/cmake --build /home/hema/ankhrobotics.github.io/Lectures/ros2_course/dolly_ws/build/dolly_gazebo --target install -- -j4 -l4
[1.261s] Level 1:colcon.colcon_core.environment:create_environment_scripts_only(dolly_gazebo)
[1.270s] Level 1:colcon.colcon_core.environment:checking '/home/hema/ankhrobotics.github.io/Lectures/ros2_course/dolly_ws/install/dolly_gazebo' for CMake module files
[1.272s] Level 1:colcon.colcon_core.environment:checking '/home/hema/ankhrobotics.github.io/Lectures/ros2_course/dolly_ws/install/dolly_gazebo' for CMake config files
[1.275s] Level 1:colcon.colcon_core.shell:create_environment_hook('dolly_gazebo', 'cmake_prefix_path')
[1.284s] INFO:colcon.colcon_core.shell:Creating environment hook '/home/hema/ankhrobotics.github.io/Lectures/ros2_course/dolly_ws/install/dolly_gazebo/share/dolly_gazebo/hook/cmake_prefix_path.ps1'
[1.285s] INFO:colcon.colcon_core.shell:Creating environment descriptor '/home/hema/ankhrobotics.github.io/Lectures/ros2_course/dolly_ws/install/dolly_gazebo/share/dolly_gazebo/hook/cmake_prefix_path.dsv'
[1.286s] INFO:colcon.colcon_core.shell:Creating environment hook '/home/hema/ankhrobotics.github.io/Lectures/ros2_course/dolly_ws/install/dolly_gazebo/share/dolly_gazebo/hook/cmake_prefix_path.sh'
[1.288s] Level 1:colcon.colcon_core.environment:checking '/home/hema/ankhrobotics.github.io/Lectures/ros2_course/dolly_ws/install/dolly_gazebo/bin'
[1.288s] Level 1:colcon.colcon_core.environment:checking '/home/hema/ankhrobotics.github.io/Lectures/ros2_course/dolly_ws/install/dolly_gazebo/lib/pkgconfig/dolly_gazebo.pc'
[1.288s] DEBUG:colcon.colcon_core.event_handler.log_command:Invoked command in '/home/hema/ankhrobotics.github.io/Lectures/ros2_course/dolly_ws/build/dolly_gazebo' returned '0': AMENT_PREFIX_PATH=/home/hema/ankhrobotics.github.io/Lectures/ros2_course/dolly_ws/install/dolly_follow:${AMENT_PREFIX_PATH} CMAKE_PREFIX_PATH=/home/hema/ankhrobotics.github.io/Lectures/ros2_course/dolly_ws/install/dolly_follow:/opt/ros/eloquent /usr/local/bin/cmake --build /home/hema/ankhrobotics.github.io/Lectures/ros2_course/dolly_ws/build/dolly_gazebo --target install -- -j4 -l4
[1.289s] Level 1:colcon.colcon_core.environment:checking '/home/hema/ankhrobotics.github.io/Lectures/ros2_course/dolly_ws/install/dolly_gazebo/lib/python3.6/site-packages'
[1.296s] INFO:colcon.colcon_core.shell:Creating package script '/home/hema/ankhrobotics.github.io/Lectures/ros2_course/dolly_ws/install/dolly_gazebo/share/dolly_gazebo/package.ps1'
[1.297s] INFO:colcon.colcon_core.shell:Creating package descriptor '/home/hema/ankhrobotics.github.io/Lectures/ros2_course/dolly_ws/install/dolly_gazebo/share/dolly_gazebo/package.dsv'
[1.298s] INFO:colcon.colcon_core.shell:Creating package script '/home/hema/ankhrobotics.github.io/Lectures/ros2_course/dolly_ws/install/dolly_gazebo/share/dolly_gazebo/package.sh'
[1.298s] INFO:colcon.colcon_core.shell:Creating package script '/home/hema/ankhrobotics.github.io/Lectures/ros2_course/dolly_ws/install/dolly_gazebo/share/dolly_gazebo/package.bash'
[1.299s] INFO:colcon.colcon_core.shell:Creating package script '/home/hema/ankhrobotics.github.io/Lectures/ros2_course/dolly_ws/install/dolly_gazebo/share/dolly_gazebo/package.zsh'
[1.299s] Level 1:colcon.colcon_core.environment:create_file_with_runtime_dependencies(/home/hema/ankhrobotics.github.io/Lectures/ros2_course/dolly_ws/install/dolly_gazebo/share/colcon-core/packages/dolly_gazebo)
[1.300s] INFO:colcon.colcon_ros.task.ament_cmake.build:Building ROS package in '/home/hema/ankhrobotics.github.io/Lectures/ros2_course/dolly_ws/src/dolly/dolly' with build type 'ament_cmake'
[1.307s] INFO:colcon.colcon_cmake.task.cmake.build:Building CMake package in '/home/hema/ankhrobotics.github.io/Lectures/ros2_course/dolly_ws/src/dolly/dolly'
[1.315s] INFO:colcon.colcon_core.shell:Skip shell extension 'powershell' for command environment: Not usable outside of PowerShell
[1.315s] DEBUG:colcon.colcon_core.shell:Skip shell extension 'dsv' for command environment
[1.321s] DEBUG:colcon.colcon_core.shell:Ignoring prefix path '/opt/ros/eloquent'
[1.338s] DEBUG:colcon.colcon_core.event_handler.log_command:Invoking command in '/home/hema/ankhrobotics.github.io/Lectures/ros2_course/dolly_ws/build/dolly': AMENT_PREFIX_PATH=/home/hema/ankhrobotics.github.io/Lectures/ros2_course/dolly_ws/install/dolly_gazebo:/home/hema/ankhrobotics.github.io/Lectures/ros2_course/dolly_ws/install/dolly_follow:${AMENT_PREFIX_PATH} CMAKE_PREFIX_PATH=/home/hema/ankhrobotics.github.io/Lectures/ros2_course/dolly_ws/install/dolly_gazebo:/home/hema/ankhrobotics.github.io/Lectures/ros2_course/dolly_ws/install/dolly_follow:/opt/ros/eloquent GAZEBO_MODEL_PATH=/home/hema/ankhrobotics.github.io/Lectures/ros2_course/dolly_ws/install/dolly_gazebo/share/dolly_gazebo/models GAZEBO_RESOURCE_PATH=/home/hema/ankhrobotics.github.io/Lectures/ros2_course/dolly_ws/install/dolly_gazebo/share/dolly_gazebo/worlds /usr/local/bin/cmake --build /home/hema/ankhrobotics.github.io/Lectures/ros2_course/dolly_ws/build/dolly -- -j4 -l4
[1.348s] DEBUG:colcon.colcon_core.event_handler.log_command:Invoked command in '/home/hema/ankhrobotics.github.io/Lectures/ros2_course/dolly_ws/build/dolly' returned '0': AMENT_PREFIX_PATH=/home/hema/ankhrobotics.github.io/Lectures/ros2_course/dolly_ws/install/dolly_gazebo:/home/hema/ankhrobotics.github.io/Lectures/ros2_course/dolly_ws/install/dolly_follow:${AMENT_PREFIX_PATH} CMAKE_PREFIX_PATH=/home/hema/ankhrobotics.github.io/Lectures/ros2_course/dolly_ws/install/dolly_gazebo:/home/hema/ankhrobotics.github.io/Lectures/ros2_course/dolly_ws/install/dolly_follow:/opt/ros/eloquent GAZEBO_MODEL_PATH=/home/hema/ankhrobotics.github.io/Lectures/ros2_course/dolly_ws/install/dolly_gazebo/share/dolly_gazebo/models GAZEBO_RESOURCE_PATH=/home/hema/ankhrobotics.github.io/Lectures/ros2_course/dolly_ws/install/dolly_gazebo/share/dolly_gazebo/worlds /usr/local/bin/cmake --build /home/hema/ankhrobotics.github.io/Lectures/ros2_course/dolly_ws/build/dolly -- -j4 -l4
[1.365s] DEBUG:colcon.colcon_core.event_handler.log_command:Invoking command in '/home/hema/ankhrobotics.github.io/Lectures/ros2_course/dolly_ws/build/dolly': AMENT_PREFIX_PATH=/home/hema/ankhrobotics.github.io/Lectures/ros2_course/dolly_ws/install/dolly_gazebo:/home/hema/ankhrobotics.github.io/Lectures/ros2_course/dolly_ws/install/dolly_follow:${AMENT_PREFIX_PATH} CMAKE_PREFIX_PATH=/home/hema/ankhrobotics.github.io/Lectures/ros2_course/dolly_ws/install/dolly_gazebo:/home/hema/ankhrobotics.github.io/Lectures/ros2_course/dolly_ws/install/dolly_follow:/opt/ros/eloquent GAZEBO_MODEL_PATH=/home/hema/ankhrobotics.github.io/Lectures/ros2_course/dolly_ws/install/dolly_gazebo/share/dolly_gazebo/models GAZEBO_RESOURCE_PATH=/home/hema/ankhrobotics.github.io/Lectures/ros2_course/dolly_ws/install/dolly_gazebo/share/dolly_gazebo/worlds /usr/local/bin/cmake --build /home/hema/ankhrobotics.github.io/Lectures/ros2_course/dolly_ws/build/dolly --target install -- -j4 -l4
[1.383s] Level 1:colcon.colcon_core.environment:create_environment_scripts_only(dolly)
[1.392s] Level 1:colcon.colcon_core.environment:checking '/home/hema/ankhrobotics.github.io/Lectures/ros2_course/dolly_ws/install/dolly' for CMake module files
[1.392s] DEBUG:colcon.colcon_core.event_handler.log_command:Invoked command in '/home/hema/ankhrobotics.github.io/Lectures/ros2_course/dolly_ws/build/dolly' returned '0': AMENT_PREFIX_PATH=/home/hema/ankhrobotics.github.io/Lectures/ros2_course/dolly_ws/install/dolly_gazebo:/home/hema/ankhrobotics.github.io/Lectures/ros2_course/dolly_ws/install/dolly_follow:${AMENT_PREFIX_PATH} CMAKE_PREFIX_PATH=/home/hema/ankhrobotics.github.io/Lectures/ros2_course/dolly_ws/install/dolly_gazebo:/home/hema/ankhrobotics.github.io/Lectures/ros2_course/dolly_ws/install/dolly_follow:/opt/ros/eloquent GAZEBO_MODEL_PATH=/home/hema/ankhrobotics.github.io/Lectures/ros2_course/dolly_ws/install/dolly_gazebo/share/dolly_gazebo/models GAZEBO_RESOURCE_PATH=/home/hema/ankhrobotics.github.io/Lectures/ros2_course/dolly_ws/install/dolly_gazebo/share/dolly_gazebo/worlds /usr/local/bin/cmake --build /home/hema/ankhrobotics.github.io/Lectures/ros2_course/dolly_ws/build/dolly --target install -- -j4 -l4
[1.393s] Level 1:colcon.colcon_core.environment:checking '/home/hema/ankhrobotics.github.io/Lectures/ros2_course/dolly_ws/install/dolly' for CMake config files
[1.393s] Level 1:colcon.colcon_core.shell:create_environment_hook('dolly', 'cmake_prefix_path')
[1.400s] INFO:colcon.colcon_core.shell:Creating environment hook '/home/hema/ankhrobotics.github.io/Lectures/ros2_course/dolly_ws/install/dolly/share/dolly/hook/cmake_prefix_path.ps1'
[1.401s] INFO:colcon.colcon_core.shell:Creating environment descriptor '/home/hema/ankhrobotics.github.io/Lectures/ros2_course/dolly_ws/install/dolly/share/dolly/hook/cmake_prefix_path.dsv'
[1.401s] INFO:colcon.colcon_core.shell:Creating environment hook '/home/hema/ankhrobotics.github.io/Lectures/ros2_course/dolly_ws/install/dolly/share/dolly/hook/cmake_prefix_path.sh'
[1.402s] Level 1:colcon.colcon_core.environment:checking '/home/hema/ankhrobotics.github.io/Lectures/ros2_course/dolly_ws/install/dolly/bin'
[1.402s] Level 1:colcon.colcon_core.environment:checking '/home/hema/ankhrobotics.github.io/Lectures/ros2_course/dolly_ws/install/dolly/lib/pkgconfig/dolly.pc'
[1.403s] Level 1:colcon.colcon_core.environment:checking '/home/hema/ankhrobotics.github.io/Lectures/ros2_course/dolly_ws/install/dolly/lib/python3.6/site-packages'
[1.410s] INFO:colcon.colcon_core.shell:Creating package script '/home/hema/ankhrobotics.github.io/Lectures/ros2_course/dolly_ws/install/dolly/share/dolly/package.ps1'
[1.410s] INFO:colcon.colcon_core.shell:Creating package descriptor '/home/hema/ankhrobotics.github.io/Lectures/ros2_course/dolly_ws/install/dolly/share/dolly/package.dsv'
[1.411s] INFO:colcon.colcon_core.shell:Creating package script '/home/hema/ankhrobotics.github.io/Lectures/ros2_course/dolly_ws/install/dolly/share/dolly/package.sh'
[1.411s] INFO:colcon.colcon_core.shell:Creating package script '/home/hema/ankhrobotics.github.io/Lectures/ros2_course/dolly_ws/install/dolly/share/dolly/package.bash'
[1.412s] INFO:colcon.colcon_core.shell:Creating package script '/home/hema/ankhrobotics.github.io/Lectures/ros2_course/dolly_ws/install/dolly/share/dolly/package.zsh'
[1.412s] Level 1:colcon.colcon_core.environment:create_file_with_runtime_dependencies(/home/hema/ankhrobotics.github.io/Lectures/ros2_course/dolly_ws/install/dolly/share/colcon-core/packages/dolly)
[1.412s] DEBUG:colcon.colcon_parallel_executor.executor.parallel:closing loop
[1.414s] DEBUG:colcon.colcon_parallel_executor.executor.parallel:loop closed
[1.414s] DEBUG:colcon.colcon_parallel_executor.executor.parallel:run_until_complete finished with '0'
[1.414s] DEBUG:colcon.colcon_core.event_reactor:joining thread
[1.426s] INFO:colcon.colcon_core.plugin_system:Skipping extension 'colcon_notification.desktop_notification.terminal_notifier': Not used on non-Darwin systems
[1.426s] INFO:colcon.colcon_core.plugin_system:Skipping extension 'colcon_notification.desktop_notification.win32': Not used on non-Windows systems
[1.426s] INFO:colcon.colcon_notification.desktop_notification:Sending desktop notification using 'notify2'
[1.430s] DEBUG:colcon.colcon_core.event_reactor:joined thread
[1.440s] INFO:colcon.colcon_core.shell:Creating prefix script '/home/hema/ankhrobotics.github.io/Lectures/ros2_course/dolly_ws/install/local_setup.ps1'
[1.441s] INFO:colcon.colcon_core.shell:Creating prefix util module '/home/hema/ankhrobotics.github.io/Lectures/ros2_course/dolly_ws/install/_local_setup_util_ps1.py'
[1.443s] INFO:colcon.colcon_core.shell:Creating prefix chain script '/home/hema/ankhrobotics.github.io/Lectures/ros2_course/dolly_ws/install/setup.ps1'
[1.450s] INFO:colcon.colcon_core.shell:Creating prefix script '/home/hema/ankhrobotics.github.io/Lectures/ros2_course/dolly_ws/install/local_setup.sh'
[1.451s] INFO:colcon.colcon_core.shell:Creating prefix util module '/home/hema/ankhrobotics.github.io/Lectures/ros2_course/dolly_ws/install/_local_setup_util_sh.py'
[1.452s] INFO:colcon.colcon_core.shell:Creating prefix chain script '/home/hema/ankhrobotics.github.io/Lectures/ros2_course/dolly_ws/install/setup.sh'
[1.459s] INFO:colcon.colcon_core.shell:Creating prefix script '/home/hema/ankhrobotics.github.io/Lectures/ros2_course/dolly_ws/install/local_setup.bash'
[1.459s] INFO:colcon.colcon_core.shell:Creating prefix chain script '/home/hema/ankhrobotics.github.io/Lectures/ros2_course/dolly_ws/install/setup.bash'
[1.466s] INFO:colcon.colcon_core.shell:Creating prefix script '/home/hema/ankhrobotics.github.io/Lectures/ros2_course/dolly_ws/install/local_setup.zsh'
[1.467s] INFO:colcon.colcon_core.shell:Creating prefix chain script '/home/hema/ankhrobotics.github.io/Lectures/ros2_course/dolly_ws/install/setup.zsh'
