[9.002s] DEBUG:colcon:Command line arguments: ['/home/hema/.local/bin/colcon', 'build']
[9.002s] DEBUG:colcon:Parsed command line arguments: Namespace(ament_cmake_args=None, base_paths=['.'], build_base='build', catkin_cmake_args=None, catkin_skip_building_tests=False, cmake_args=None, cmake_clean_cache=False, cmake_clean_first=False, cmake_force_configure=False, cmake_target=None, cmake_target_skip_unavailable=False, continue_on_error=False, event_handlers=None, executor='parallel', ignore_user_meta=False, install_base='install', log_base=None, log_level=None, main=<bound method BuildVerb.main of <colcon_core.verb.build.BuildVerb object at 0x7fb675706208>>, merge_install=False, metas=['./colcon.meta'], packages_above=None, packages_above_depth=None, packages_end=None, packages_ignore=None, packages_ignore_regex=None, packages_select=None, packages_select_build_failed=False, packages_select_by_dep=None, packages_select_regex=None, packages_select_test_failures=False, packages_skip=None, packages_skip_build_finished=False, packages_skip_by_dep=None, packages_skip_regex=None, packages_skip_test_passed=False, packages_skip_up_to=None, packages_start=None, packages_up_to=None, parallel_workers=4, paths=None, symlink_install=False, test_result_base=None, verb_extension=<colcon_core.verb.build.BuildVerb object at 0x7fb675706208>, verb_name='build', verb_parser=<colcon_defaults.argument_parser.defaults.DefaultArgumentsDecorator object at 0x7fb675706518>)
[9.347s] Level 1:colcon.colcon_core.package_discovery:discover_packages(colcon_meta) check parameters
[9.348s] Level 1:colcon.colcon_core.package_discovery:discover_packages(recursive) check parameters
[9.348s] Level 1:colcon.colcon_core.package_discovery:discover_packages(ignore) check parameters
[9.348s] Level 1:colcon.colcon_core.package_discovery:discover_packages(path) check parameters
[9.348s] Level 1:colcon.colcon_core.package_discovery:discover_packages(colcon_meta) discover
[9.349s] Level 1:colcon.colcon_core.package_discovery:discover_packages(recursive) discover
[9.349s] INFO:colcon.colcon_core.package_discovery:Crawling recursively for packages in '/home/hema/ankhrobotics.github.io/Lectures/ros2_course/dolly_ws'
[9.349s] Level 1:colcon.colcon_core.package_identification:_identify(.) by extensions ['ignore', 'ignore_ament_install']
[9.350s] Level 1:colcon.colcon_core.package_identification:_identify(.) by extension 'ignore'
[9.350s] Level 1:colcon.colcon_core.package_identification:_identify(.) by extension 'ignore_ament_install'
[9.350s] Level 1:colcon.colcon_core.package_identification:_identify(.) by extensions ['colcon_pkg']
[9.350s] Level 1:colcon.colcon_core.package_identification:_identify(.) by extension 'colcon_pkg'
[9.350s] Level 1:colcon.colcon_core.package_identification:_identify(.) by extensions ['colcon_meta']
[9.350s] Level 1:colcon.colcon_core.package_identification:_identify(.) by extension 'colcon_meta'
[9.350s] Level 1:colcon.colcon_core.package_identification:_identify(.) by extensions ['ros']
[9.350s] Level 1:colcon.colcon_core.package_identification:_identify(.) by extension 'ros'
[9.401s] Level 1:colcon.colcon_core.package_identification:_identify(.) by extensions ['cmake', 'python']
[9.401s] Level 1:colcon.colcon_core.package_identification:_identify(.) by extension 'cmake'
[9.401s] Level 1:colcon.colcon_core.package_identification:_identify(.) by extension 'python'
[9.401s] Level 1:colcon.colcon_core.package_identification:_identify(.) by extensions ['python_setup_py']
[9.401s] Level 1:colcon.colcon_core.package_identification:_identify(.) by extension 'python_setup_py'
[9.402s] Level 1:colcon.colcon_core.package_identification:_identify(build) by extensions ['ignore', 'ignore_ament_install']
[9.402s] Level 1:colcon.colcon_core.package_identification:_identify(build) by extension 'ignore'
[9.402s] Level 1:colcon.colcon_core.package_identification:_identify(build) ignored
[9.402s] Level 1:colcon.colcon_core.package_identification:_identify(install) by extensions ['ignore', 'ignore_ament_install']
[9.402s] Level 1:colcon.colcon_core.package_identification:_identify(install) by extension 'ignore'
[9.402s] Level 1:colcon.colcon_core.package_identification:_identify(install) ignored
[9.403s] Level 1:colcon.colcon_core.package_identification:_identify(log) by extensions ['ignore', 'ignore_ament_install']
[9.403s] Level 1:colcon.colcon_core.package_identification:_identify(log) by extension 'ignore'
[9.403s] Level 1:colcon.colcon_core.package_identification:_identify(log) ignored
[9.403s] Level 1:colcon.colcon_core.package_identification:_identify(src) by extensions ['ignore', 'ignore_ament_install']
[9.403s] Level 1:colcon.colcon_core.package_identification:_identify(src) by extension 'ignore'
[9.403s] Level 1:colcon.colcon_core.package_identification:_identify(src) by extension 'ignore_ament_install'
[9.403s] Level 1:colcon.colcon_core.package_identification:_identify(src) by extensions ['colcon_pkg']
[9.403s] Level 1:colcon.colcon_core.package_identification:_identify(src) by extension 'colcon_pkg'
[9.403s] Level 1:colcon.colcon_core.package_identification:_identify(src) by extensions ['colcon_meta']
[9.403s] Level 1:colcon.colcon_core.package_identification:_identify(src) by extension 'colcon_meta'
[9.404s] Level 1:colcon.colcon_core.package_identification:_identify(src) by extensions ['ros']
[9.404s] Level 1:colcon.colcon_core.package_identification:_identify(src) by extension 'ros'
[9.404s] Level 1:colcon.colcon_core.package_identification:_identify(src) by extensions ['cmake', 'python']
[9.404s] Level 1:colcon.colcon_core.package_identification:_identify(src) by extension 'cmake'
[9.404s] Level 1:colcon.colcon_core.package_identification:_identify(src) by extension 'python'
[9.404s] Level 1:colcon.colcon_core.package_identification:_identify(src) by extensions ['python_setup_py']
[9.404s] Level 1:colcon.colcon_core.package_identification:_identify(src) by extension 'python_setup_py'
[9.404s] Level 1:colcon.colcon_core.package_identification:_identify(src/dolly) by extensions ['ignore', 'ignore_ament_install']
[9.404s] Level 1:colcon.colcon_core.package_identification:_identify(src/dolly) by extension 'ignore'
[9.404s] Level 1:colcon.colcon_core.package_identification:_identify(src/dolly) by extension 'ignore_ament_install'
[9.404s] Level 1:colcon.colcon_core.package_identification:_identify(src/dolly) by extensions ['colcon_pkg']
[9.405s] Level 1:colcon.colcon_core.package_identification:_identify(src/dolly) by extension 'colcon_pkg'
[9.405s] Level 1:colcon.colcon_core.package_identification:_identify(src/dolly) by extensions ['colcon_meta']
[9.405s] Level 1:colcon.colcon_core.package_identification:_identify(src/dolly) by extension 'colcon_meta'
[9.405s] Level 1:colcon.colcon_core.package_identification:_identify(src/dolly) by extensions ['ros']
[9.405s] Level 1:colcon.colcon_core.package_identification:_identify(src/dolly) by extension 'ros'
[9.405s] Level 1:colcon.colcon_core.package_identification:_identify(src/dolly) by extensions ['cmake', 'python']
[9.405s] Level 1:colcon.colcon_core.package_identification:_identify(src/dolly) by extension 'cmake'
[9.405s] Level 1:colcon.colcon_core.package_identification:_identify(src/dolly) by extension 'python'
[9.405s] Level 1:colcon.colcon_core.package_identification:_identify(src/dolly) by extensions ['python_setup_py']
[9.405s] Level 1:colcon.colcon_core.package_identification:_identify(src/dolly) by extension 'python_setup_py'
[9.405s] Level 1:colcon.colcon_core.package_identification:_identify(src/dolly/dolly) by extensions ['ignore', 'ignore_ament_install']
[9.405s] Level 1:colcon.colcon_core.package_identification:_identify(src/dolly/dolly) by extension 'ignore'
[9.406s] Level 1:colcon.colcon_core.package_identification:_identify(src/dolly/dolly) by extension 'ignore_ament_install'
[9.406s] Level 1:colcon.colcon_core.package_identification:_identify(src/dolly/dolly) by extensions ['colcon_pkg']
[9.406s] Level 1:colcon.colcon_core.package_identification:_identify(src/dolly/dolly) by extension 'colcon_pkg'
[9.406s] Level 1:colcon.colcon_core.package_identification:_identify(src/dolly/dolly) by extensions ['colcon_meta']
[9.406s] Level 1:colcon.colcon_core.package_identification:_identify(src/dolly/dolly) by extension 'colcon_meta'
[9.406s] Level 1:colcon.colcon_core.package_identification:_identify(src/dolly/dolly) by extensions ['ros']
[9.406s] Level 1:colcon.colcon_core.package_identification:_identify(src/dolly/dolly) by extension 'ros'
[9.411s] DEBUG:colcon.colcon_core.package_identification:Package 'src/dolly/dolly' with type 'ros.ament_cmake' and name 'dolly'
[9.411s] Level 1:colcon.colcon_core.package_identification:_identify(src/dolly/dolly_follow) by extensions ['ignore', 'ignore_ament_install']
[9.411s] Level 1:colcon.colcon_core.package_identification:_identify(src/dolly/dolly_follow) by extension 'ignore'
[9.411s] Level 1:colcon.colcon_core.package_identification:_identify(src/dolly/dolly_follow) by extension 'ignore_ament_install'
[9.411s] Level 1:colcon.colcon_core.package_identification:_identify(src/dolly/dolly_follow) by extensions ['colcon_pkg']
[9.411s] Level 1:colcon.colcon_core.package_identification:_identify(src/dolly/dolly_follow) by extension 'colcon_pkg'
[9.412s] Level 1:colcon.colcon_core.package_identification:_identify(src/dolly/dolly_follow) by extensions ['colcon_meta']
[9.412s] Level 1:colcon.colcon_core.package_identification:_identify(src/dolly/dolly_follow) by extension 'colcon_meta'
[9.412s] Level 1:colcon.colcon_core.package_identification:_identify(src/dolly/dolly_follow) by extensions ['ros']
[9.412s] Level 1:colcon.colcon_core.package_identification:_identify(src/dolly/dolly_follow) by extension 'ros'
[9.412s] DEBUG:colcon.colcon_core.package_identification:Package 'src/dolly/dolly_follow' with type 'ros.ament_cmake' and name 'dolly_follow'
[9.413s] Level 1:colcon.colcon_core.package_identification:_identify(src/dolly/dolly_gazebo) by extensions ['ignore', 'ignore_ament_install']
[9.413s] Level 1:colcon.colcon_core.package_identification:_identify(src/dolly/dolly_gazebo) by extension 'ignore'
[9.413s] Level 1:colcon.colcon_core.package_identification:_identify(src/dolly/dolly_gazebo) by extension 'ignore_ament_install'
[9.413s] Level 1:colcon.colcon_core.package_identification:_identify(src/dolly/dolly_gazebo) by extensions ['colcon_pkg']
[9.413s] Level 1:colcon.colcon_core.package_identification:_identify(src/dolly/dolly_gazebo) by extension 'colcon_pkg'
[9.413s] Level 1:colcon.colcon_core.package_identification:_identify(src/dolly/dolly_gazebo) by extensions ['colcon_meta']
[9.413s] Level 1:colcon.colcon_core.package_identification:_identify(src/dolly/dolly_gazebo) by extension 'colcon_meta'
[9.413s] Level 1:colcon.colcon_core.package_identification:_identify(src/dolly/dolly_gazebo) by extensions ['ros']
[9.413s] Level 1:colcon.colcon_core.package_identification:_identify(src/dolly/dolly_gazebo) by extension 'ros'
[9.414s] DEBUG:colcon.colcon_core.package_identification:Package 'src/dolly/dolly_gazebo' with type 'ros.ament_cmake' and name 'dolly_gazebo'
[9.414s] Level 1:colcon.colcon_core.package_identification:_identify(src/dolly/dolly_ignition) by extensions ['ignore', 'ignore_ament_install']
[9.414s] Level 1:colcon.colcon_core.package_identification:_identify(src/dolly/dolly_ignition) by extension 'ignore'
[9.414s] Level 1:colcon.colcon_core.package_identification:_identify(src/dolly/dolly_ignition) by extension 'ignore_ament_install'
[9.414s] Level 1:colcon.colcon_core.package_identification:_identify(src/dolly/dolly_ignition) by extensions ['colcon_pkg']
[9.414s] Level 1:colcon.colcon_core.package_identification:_identify(src/dolly/dolly_ignition) by extension 'colcon_pkg'
[9.414s] Level 1:colcon.colcon_core.package_identification:_identify(src/dolly/dolly_ignition) by extensions ['colcon_meta']
[9.415s] Level 1:colcon.colcon_core.package_identification:_identify(src/dolly/dolly_ignition) by extension 'colcon_meta'
[9.415s] Level 1:colcon.colcon_core.package_identification:_identify(src/dolly/dolly_ignition) by extensions ['ros']
[9.415s] Level 1:colcon.colcon_core.package_identification:_identify(src/dolly/dolly_ignition) by extension 'ros'
[9.416s] DEBUG:colcon.colcon_core.package_identification:Package 'src/dolly/dolly_ignition' with type 'ros.ament_cmake' and name 'dolly_ignition'
[9.416s] Level 1:colcon.colcon_core.package_identification:_identify(src/dolly/images) by extensions ['ignore', 'ignore_ament_install']
[9.416s] Level 1:colcon.colcon_core.package_identification:_identify(src/dolly/images) by extension 'ignore'
[9.416s] Level 1:colcon.colcon_core.package_identification:_identify(src/dolly/images) by extension 'ignore_ament_install'
[9.416s] Level 1:colcon.colcon_core.package_identification:_identify(src/dolly/images) by extensions ['colcon_pkg']
[9.416s] Level 1:colcon.colcon_core.package_identification:_identify(src/dolly/images) by extension 'colcon_pkg'
[9.416s] Level 1:colcon.colcon_core.package_identification:_identify(src/dolly/images) by extensions ['colcon_meta']
[9.416s] Level 1:colcon.colcon_core.package_identification:_identify(src/dolly/images) by extension 'colcon_meta'
[9.417s] Level 1:colcon.colcon_core.package_identification:_identify(src/dolly/images) by extensions ['ros']
[9.417s] Level 1:colcon.colcon_core.package_identification:_identify(src/dolly/images) by extension 'ros'
[9.417s] Level 1:colcon.colcon_core.package_identification:_identify(src/dolly/images) by extensions ['cmake', 'python']
[9.417s] Level 1:colcon.colcon_core.package_identification:_identify(src/dolly/images) by extension 'cmake'
[9.417s] Level 1:colcon.colcon_core.package_identification:_identify(src/dolly/images) by extension 'python'
[9.417s] Level 1:colcon.colcon_core.package_identification:_identify(src/dolly/images) by extensions ['python_setup_py']
[9.417s] Level 1:colcon.colcon_core.package_identification:_identify(src/dolly/images) by extension 'python_setup_py'
[9.417s] Level 1:colcon.colcon_core.package_discovery:discover_packages(recursive) using defaults
[9.417s] Level 1:colcon.colcon_core.package_discovery:discover_packages(ignore) discover
[9.417s] Level 1:colcon.colcon_core.package_discovery:discover_packages(ignore) using defaults
[9.417s] Level 1:colcon.colcon_core.package_discovery:discover_packages(path) discover
[9.417s] Level 1:colcon.colcon_core.package_discovery:discover_packages(path) using defaults
[9.431s] Level 1:colcon.colcon_core.package_augmentation.check_dependency_constraint:dolly_ignition depends on dolly_follow which has version 0.2.0: constraints {}
[9.432s] Level 1:colcon.colcon_core.package_augmentation.check_dependency_constraint:dolly_gazebo depends on dolly_follow which has version 0.2.0: constraints {}
[9.432s] Level 1:colcon.colcon_core.package_augmentation.check_dependency_constraint:dolly depends on dolly_ignition which has version 0.3.0: constraints {}
[9.432s] Level 1:colcon.colcon_core.package_augmentation.check_dependency_constraint:dolly depends on dolly_follow which has version 0.2.0: constraints {}
[9.432s] Level 1:colcon.colcon_core.package_augmentation.check_dependency_constraint:dolly depends on dolly_gazebo which has version 0.2.0: constraints {}
[9.448s] Level 5:colcon.colcon_core.verb:set package 'dolly_follow' build argument 'cmake_args' from command line to 'None'
[9.448s] Level 5:colcon.colcon_core.verb:set package 'dolly_follow' build argument 'cmake_target' from command line to 'None'
[9.448s] Level 5:colcon.colcon_core.verb:set package 'dolly_follow' build argument 'cmake_target_skip_unavailable' from command line to 'False'
[9.448s] Level 5:colcon.colcon_core.verb:set package 'dolly_follow' build argument 'cmake_clean_cache' from command line to 'False'
[9.448s] Level 5:colcon.colcon_core.verb:set package 'dolly_follow' build argument 'cmake_clean_first' from command line to 'False'
[9.448s] Level 5:colcon.colcon_core.verb:set package 'dolly_follow' build argument 'cmake_force_configure' from command line to 'False'
[9.448s] Level 5:colcon.colcon_core.verb:set package 'dolly_follow' build argument 'ament_cmake_args' from command line to 'None'
[9.448s] Level 5:colcon.colcon_core.verb:set package 'dolly_follow' build argument 'catkin_cmake_args' from command line to 'None'
[9.448s] Level 5:colcon.colcon_core.verb:set package 'dolly_follow' build argument 'catkin_skip_building_tests' from command line to 'False'
[9.448s] DEBUG:colcon.colcon_core.verb:Building package 'dolly_follow' with the following arguments: {'ament_cmake_args': None, 'build_base': '/home/hema/ankhrobotics.github.io/Lectures/ros2_course/dolly_ws/build/dolly_follow', 'catkin_cmake_args': None, 'catkin_skip_building_tests': False, 'cmake_args': None, 'cmake_clean_cache': False, 'cmake_clean_first': False, 'cmake_force_configure': False, 'cmake_target': None, 'cmake_target_skip_unavailable': False, 'install_base': '/home/hema/ankhrobotics.github.io/Lectures/ros2_course/dolly_ws/install/dolly_follow', 'merge_install': False, 'path': '/home/hema/ankhrobotics.github.io/Lectures/ros2_course/dolly_ws/src/dolly/dolly_follow', 'symlink_install': False, 'test_result_base': None}
[9.458s] Level 5:colcon.colcon_core.verb:set package 'dolly_gazebo' build argument 'cmake_args' from command line to 'None'
[9.458s] Level 5:colcon.colcon_core.verb:set package 'dolly_gazebo' build argument 'cmake_target' from command line to 'None'
[9.458s] Level 5:colcon.colcon_core.verb:set package 'dolly_gazebo' build argument 'cmake_target_skip_unavailable' from command line to 'False'
[9.459s] Level 5:colcon.colcon_core.verb:set package 'dolly_gazebo' build argument 'cmake_clean_cache' from command line to 'False'
[9.459s] Level 5:colcon.colcon_core.verb:set package 'dolly_gazebo' build argument 'cmake_clean_first' from command line to 'False'
[9.459s] Level 5:colcon.colcon_core.verb:set package 'dolly_gazebo' build argument 'cmake_force_configure' from command line to 'False'
[9.459s] Level 5:colcon.colcon_core.verb:set package 'dolly_gazebo' build argument 'ament_cmake_args' from command line to 'None'
[9.459s] Level 5:colcon.colcon_core.verb:set package 'dolly_gazebo' build argument 'catkin_cmake_args' from command line to 'None'
[9.459s] Level 5:colcon.colcon_core.verb:set package 'dolly_gazebo' build argument 'catkin_skip_building_tests' from command line to 'False'
[9.459s] DEBUG:colcon.colcon_core.verb:Building package 'dolly_gazebo' with the following arguments: {'ament_cmake_args': None, 'build_base': '/home/hema/ankhrobotics.github.io/Lectures/ros2_course/dolly_ws/build/dolly_gazebo', 'catkin_cmake_args': None, 'catkin_skip_building_tests': False, 'cmake_args': None, 'cmake_clean_cache': False, 'cmake_clean_first': False, 'cmake_force_configure': False, 'cmake_target': None, 'cmake_target_skip_unavailable': False, 'install_base': '/home/hema/ankhrobotics.github.io/Lectures/ros2_course/dolly_ws/install/dolly_gazebo', 'merge_install': False, 'path': '/home/hema/ankhrobotics.github.io/Lectures/ros2_course/dolly_ws/src/dolly/dolly_gazebo', 'symlink_install': False, 'test_result_base': None}
[9.469s] Level 5:colcon.colcon_core.verb:set package 'dolly_ignition' build argument 'cmake_args' from command line to 'None'
[9.469s] Level 5:colcon.colcon_core.verb:set package 'dolly_ignition' build argument 'cmake_target' from command line to 'None'
[9.469s] Level 5:colcon.colcon_core.verb:set package 'dolly_ignition' build argument 'cmake_target_skip_unavailable' from command line to 'False'
[9.469s] Level 5:colcon.colcon_core.verb:set package 'dolly_ignition' build argument 'cmake_clean_cache' from command line to 'False'
[9.469s] Level 5:colcon.colcon_core.verb:set package 'dolly_ignition' build argument 'cmake_clean_first' from command line to 'False'
[9.469s] Level 5:colcon.colcon_core.verb:set package 'dolly_ignition' build argument 'cmake_force_configure' from command line to 'False'
[9.469s] Level 5:colcon.colcon_core.verb:set package 'dolly_ignition' build argument 'ament_cmake_args' from command line to 'None'
[9.469s] Level 5:colcon.colcon_core.verb:set package 'dolly_ignition' build argument 'catkin_cmake_args' from command line to 'None'
[9.469s] Level 5:colcon.colcon_core.verb:set package 'dolly_ignition' build argument 'catkin_skip_building_tests' from command line to 'False'
[9.469s] DEBUG:colcon.colcon_core.verb:Building package 'dolly_ignition' with the following arguments: {'ament_cmake_args': None, 'build_base': '/home/hema/ankhrobotics.github.io/Lectures/ros2_course/dolly_ws/build/dolly_ignition', 'catkin_cmake_args': None, 'catkin_skip_building_tests': False, 'cmake_args': None, 'cmake_clean_cache': False, 'cmake_clean_first': False, 'cmake_force_configure': False, 'cmake_target': None, 'cmake_target_skip_unavailable': False, 'install_base': '/home/hema/ankhrobotics.github.io/Lectures/ros2_course/dolly_ws/install/dolly_ignition', 'merge_install': False, 'path': '/home/hema/ankhrobotics.github.io/Lectures/ros2_course/dolly_ws/src/dolly/dolly_ignition', 'symlink_install': False, 'test_result_base': None}
[9.479s] Level 5:colcon.colcon_core.verb:set package 'dolly' build argument 'cmake_args' from command line to 'None'
[9.479s] Level 5:colcon.colcon_core.verb:set package 'dolly' build argument 'cmake_target' from command line to 'None'
[9.479s] Level 5:colcon.colcon_core.verb:set package 'dolly' build argument 'cmake_target_skip_unavailable' from command line to 'False'
[9.479s] Level 5:colcon.colcon_core.verb:set package 'dolly' build argument 'cmake_clean_cache' from command line to 'False'
[9.479s] Level 5:colcon.colcon_core.verb:set package 'dolly' build argument 'cmake_clean_first' from command line to 'False'
[9.479s] Level 5:colcon.colcon_core.verb:set package 'dolly' build argument 'cmake_force_configure' from command line to 'False'
[9.479s] Level 5:colcon.colcon_core.verb:set package 'dolly' build argument 'ament_cmake_args' from command line to 'None'
[9.479s] Level 5:colcon.colcon_core.verb:set package 'dolly' build argument 'catkin_cmake_args' from command line to 'None'
[9.479s] Level 5:colcon.colcon_core.verb:set package 'dolly' build argument 'catkin_skip_building_tests' from command line to 'False'
[9.479s] DEBUG:colcon.colcon_core.verb:Building package 'dolly' with the following arguments: {'ament_cmake_args': None, 'build_base': '/home/hema/ankhrobotics.github.io/Lectures/ros2_course/dolly_ws/build/dolly', 'catkin_cmake_args': None, 'catkin_skip_building_tests': False, 'cmake_args': None, 'cmake_clean_cache': False, 'cmake_clean_first': False, 'cmake_force_configure': False, 'cmake_target': None, 'cmake_target_skip_unavailable': False, 'install_base': '/home/hema/ankhrobotics.github.io/Lectures/ros2_course/dolly_ws/install/dolly', 'merge_install': False, 'path': '/home/hema/ankhrobotics.github.io/Lectures/ros2_course/dolly_ws/src/dolly/dolly', 'symlink_install': False, 'test_result_base': None}
[9.482s] INFO:colcon.colcon_core.executor:Executing jobs using 'parallel' executor
[9.498s] DEBUG:colcon.colcon_parallel_executor.executor.parallel:run_until_complete
[9.498s] INFO:colcon.colcon_ros.task.ament_cmake.build:Building ROS package in '/home/hema/ankhrobotics.github.io/Lectures/ros2_course/dolly_ws/src/dolly/dolly_follow' with build type 'ament_cmake'
[9.517s] INFO:colcon.colcon_core.plugin_system:Skipping extension 'colcon_core.shell.bat': Not used on non-Windows systems
[9.517s] INFO:colcon.colcon_cmake.task.cmake.build:Building CMake package in '/home/hema/ankhrobotics.github.io/Lectures/ros2_course/dolly_ws/src/dolly/dolly_follow'
[9.524s] INFO:colcon.colcon_core.shell:Skip shell extension 'powershell' for command environment: Not usable outside of PowerShell
[9.524s] DEBUG:colcon.colcon_core.shell:Skip shell extension 'dsv' for command environment
[9.533s] DEBUG:colcon.colcon_core.shell:Ignoring prefix path '/opt/ros/eloquent'
[9.604s] DEBUG:colcon.colcon_core.event_handler.log_command:Invoking command in '/home/hema/ankhrobotics.github.io/Lectures/ros2_course/dolly_ws/build/dolly_follow': CMAKE_PREFIX_PATH=/opt/ros/eloquent /usr/local/bin/cmake /home/hema/ankhrobotics.github.io/Lectures/ros2_course/dolly_ws/src/dolly/dolly_follow -DCMAKE_INSTALL_PREFIX=/home/hema/ankhrobotics.github.io/Lectures/ros2_course/dolly_ws/install/dolly_follow
[12.970s] DEBUG:colcon.colcon_core.event_handler.log_command:Invoked command in '/home/hema/ankhrobotics.github.io/Lectures/ros2_course/dolly_ws/build/dolly_follow' returned '0': CMAKE_PREFIX_PATH=/opt/ros/eloquent /usr/local/bin/cmake /home/hema/ankhrobotics.github.io/Lectures/ros2_course/dolly_ws/src/dolly/dolly_follow -DCMAKE_INSTALL_PREFIX=/home/hema/ankhrobotics.github.io/Lectures/ros2_course/dolly_ws/install/dolly_follow
[12.977s] DEBUG:colcon.colcon_core.event_handler.log_command:Invoking command in '/home/hema/ankhrobotics.github.io/Lectures/ros2_course/dolly_ws/build/dolly_follow': CMAKE_PREFIX_PATH=/opt/ros/eloquent /usr/local/bin/cmake --build /home/hema/ankhrobotics.github.io/Lectures/ros2_course/dolly_ws/build/dolly_follow -- -j4 -l4
[17.025s] DEBUG:colcon.colcon_core.event_handler.log_command:Invoked command in '/home/hema/ankhrobotics.github.io/Lectures/ros2_course/dolly_ws/build/dolly_follow' returned '0': CMAKE_PREFIX_PATH=/opt/ros/eloquent /usr/local/bin/cmake --build /home/hema/ankhrobotics.github.io/Lectures/ros2_course/dolly_ws/build/dolly_follow -- -j4 -l4
[17.065s] DEBUG:colcon.colcon_core.event_handler.log_command:Invoking command in '/home/hema/ankhrobotics.github.io/Lectures/ros2_course/dolly_ws/build/dolly_follow': CMAKE_PREFIX_PATH=/opt/ros/eloquent /usr/local/bin/cmake --build /home/hema/ankhrobotics.github.io/Lectures/ros2_course/dolly_ws/build/dolly_follow --target install -- -j4 -l4
[17.097s] Level 1:colcon.colcon_core.environment:create_environment_scripts_only(dolly_follow)
[17.100s] DEBUG:colcon.colcon_core.event_handler.log_command:Invoked command in '/home/hema/ankhrobotics.github.io/Lectures/ros2_course/dolly_ws/build/dolly_follow' returned '0': CMAKE_PREFIX_PATH=/opt/ros/eloquent /usr/local/bin/cmake --build /home/hema/ankhrobotics.github.io/Lectures/ros2_course/dolly_ws/build/dolly_follow --target install -- -j4 -l4
[17.115s] Level 1:colcon.colcon_core.environment:checking '/home/hema/ankhrobotics.github.io/Lectures/ros2_course/dolly_ws/install/dolly_follow' for CMake module files
[17.115s] Level 1:colcon.colcon_core.environment:checking '/home/hema/ankhrobotics.github.io/Lectures/ros2_course/dolly_ws/install/dolly_follow' for CMake config files
[17.116s] Level 1:colcon.colcon_core.shell:create_environment_hook('dolly_follow', 'cmake_prefix_path')
[17.123s] INFO:colcon.colcon_core.shell:Creating environment hook '/home/hema/ankhrobotics.github.io/Lectures/ros2_course/dolly_ws/install/dolly_follow/share/dolly_follow/hook/cmake_prefix_path.ps1'
[17.124s] INFO:colcon.colcon_core.shell:Creating environment descriptor '/home/hema/ankhrobotics.github.io/Lectures/ros2_course/dolly_ws/install/dolly_follow/share/dolly_follow/hook/cmake_prefix_path.dsv'
[17.125s] INFO:colcon.colcon_core.shell:Creating environment hook '/home/hema/ankhrobotics.github.io/Lectures/ros2_course/dolly_ws/install/dolly_follow/share/dolly_follow/hook/cmake_prefix_path.sh'
[17.127s] Level 1:colcon.colcon_core.environment:checking '/home/hema/ankhrobotics.github.io/Lectures/ros2_course/dolly_ws/install/dolly_follow/lib'
[17.127s] Level 1:colcon.colcon_core.environment:checking '/home/hema/ankhrobotics.github.io/Lectures/ros2_course/dolly_ws/install/dolly_follow/bin'
[17.127s] Level 1:colcon.colcon_core.environment:checking '/home/hema/ankhrobotics.github.io/Lectures/ros2_course/dolly_ws/install/dolly_follow/lib/pkgconfig/dolly_follow.pc'
[17.127s] Level 1:colcon.colcon_core.environment:checking '/home/hema/ankhrobotics.github.io/Lectures/ros2_course/dolly_ws/install/dolly_follow/lib/python3.6/site-packages'
[17.136s] INFO:colcon.colcon_core.shell:Creating package script '/home/hema/ankhrobotics.github.io/Lectures/ros2_course/dolly_ws/install/dolly_follow/share/dolly_follow/package.ps1'
[17.138s] INFO:colcon.colcon_core.shell:Creating package descriptor '/home/hema/ankhrobotics.github.io/Lectures/ros2_course/dolly_ws/install/dolly_follow/share/dolly_follow/package.dsv'
[17.139s] INFO:colcon.colcon_core.shell:Creating package script '/home/hema/ankhrobotics.github.io/Lectures/ros2_course/dolly_ws/install/dolly_follow/share/dolly_follow/package.sh'
[17.141s] INFO:colcon.colcon_core.shell:Creating package script '/home/hema/ankhrobotics.github.io/Lectures/ros2_course/dolly_ws/install/dolly_follow/share/dolly_follow/package.bash'
[17.142s] INFO:colcon.colcon_core.shell:Creating package script '/home/hema/ankhrobotics.github.io/Lectures/ros2_course/dolly_ws/install/dolly_follow/share/dolly_follow/package.zsh'
[17.144s] Level 1:colcon.colcon_core.environment:create_file_with_runtime_dependencies(/home/hema/ankhrobotics.github.io/Lectures/ros2_course/dolly_ws/install/dolly_follow/share/colcon-core/packages/dolly_follow)
[17.144s] INFO:colcon.colcon_ros.task.ament_cmake.build:Building ROS package in '/home/hema/ankhrobotics.github.io/Lectures/ros2_course/dolly_ws/src/dolly/dolly_gazebo' with build type 'ament_cmake'
[17.153s] INFO:colcon.colcon_cmake.task.cmake.build:Building CMake package in '/home/hema/ankhrobotics.github.io/Lectures/ros2_course/dolly_ws/src/dolly/dolly_gazebo'
[17.163s] INFO:colcon.colcon_core.shell:Skip shell extension 'powershell' for command environment: Not usable outside of PowerShell
[17.163s] DEBUG:colcon.colcon_core.shell:Skip shell extension 'dsv' for command environment
[17.173s] DEBUG:colcon.colcon_core.shell:Ignoring prefix path '/opt/ros/eloquent'
[17.178s] INFO:colcon.colcon_ros.task.ament_cmake.build:Building ROS package in '/home/hema/ankhrobotics.github.io/Lectures/ros2_course/dolly_ws/src/dolly/dolly_ignition' with build type 'ament_cmake'
[17.194s] INFO:colcon.colcon_cmake.task.cmake.build:Building CMake package in '/home/hema/ankhrobotics.github.io/Lectures/ros2_course/dolly_ws/src/dolly/dolly_ignition'
[17.207s] INFO:colcon.colcon_core.shell:Skip shell extension 'powershell' for command environment: Not usable outside of PowerShell
[17.207s] DEBUG:colcon.colcon_core.shell:Skip shell extension 'dsv' for command environment
[17.213s] DEBUG:colcon.colcon_core.shell:Ignoring prefix path '/opt/ros/eloquent'
[17.225s] DEBUG:colcon.colcon_core.event_handler.log_command:Invoking command in '/home/hema/ankhrobotics.github.io/Lectures/ros2_course/dolly_ws/build/dolly_gazebo': AMENT_PREFIX_PATH=/home/hema/ankhrobotics.github.io/Lectures/ros2_course/dolly_ws/install/dolly_follow:${AMENT_PREFIX_PATH} CMAKE_PREFIX_PATH=/home/hema/ankhrobotics.github.io/Lectures/ros2_course/dolly_ws/install/dolly_follow:/opt/ros/eloquent /usr/local/bin/cmake /home/hema/ankhrobotics.github.io/Lectures/ros2_course/dolly_ws/src/dolly/dolly_gazebo -DCMAKE_INSTALL_PREFIX=/home/hema/ankhrobotics.github.io/Lectures/ros2_course/dolly_ws/install/dolly_gazebo
[17.231s] DEBUG:colcon.colcon_core.event_handler.log_command:Invoking command in '/home/hema/ankhrobotics.github.io/Lectures/ros2_course/dolly_ws/build/dolly_ignition': AMENT_PREFIX_PATH=/home/hema/ankhrobotics.github.io/Lectures/ros2_course/dolly_ws/install/dolly_follow:${AMENT_PREFIX_PATH} CMAKE_PREFIX_PATH=/home/hema/ankhrobotics.github.io/Lectures/ros2_course/dolly_ws/install/dolly_follow:/opt/ros/eloquent /usr/local/bin/cmake /home/hema/ankhrobotics.github.io/Lectures/ros2_course/dolly_ws/src/dolly/dolly_ignition -DCMAKE_INSTALL_PREFIX=/home/hema/ankhrobotics.github.io/Lectures/ros2_course/dolly_ws/install/dolly_ignition
[17.820s] DEBUG:colcon.colcon_core.event_handler.log_command:Invoked command in '/home/hema/ankhrobotics.github.io/Lectures/ros2_course/dolly_ws/build/dolly_ignition' returned '0': AMENT_PREFIX_PATH=/home/hema/ankhrobotics.github.io/Lectures/ros2_course/dolly_ws/install/dolly_follow:${AMENT_PREFIX_PATH} CMAKE_PREFIX_PATH=/home/hema/ankhrobotics.github.io/Lectures/ros2_course/dolly_ws/install/dolly_follow:/opt/ros/eloquent /usr/local/bin/cmake /home/hema/ankhrobotics.github.io/Lectures/ros2_course/dolly_ws/src/dolly/dolly_ignition -DCMAKE_INSTALL_PREFIX=/home/hema/ankhrobotics.github.io/Lectures/ros2_course/dolly_ws/install/dolly_ignition
[17.821s] DEBUG:colcon.colcon_core.event_handler.log_command:Invoking command in '/home/hema/ankhrobotics.github.io/Lectures/ros2_course/dolly_ws/build/dolly_ignition': AMENT_PREFIX_PATH=/home/hema/ankhrobotics.github.io/Lectures/ros2_course/dolly_ws/install/dolly_follow:${AMENT_PREFIX_PATH} CMAKE_PREFIX_PATH=/home/hema/ankhrobotics.github.io/Lectures/ros2_course/dolly_ws/install/dolly_follow:/opt/ros/eloquent /usr/local/bin/cmake --build /home/hema/ankhrobotics.github.io/Lectures/ros2_course/dolly_ws/build/dolly_ignition -- -j4 -l4
[17.839s] DEBUG:colcon.colcon_core.event_handler.log_command:Invoked command in '/home/hema/ankhrobotics.github.io/Lectures/ros2_course/dolly_ws/build/dolly_ignition' returned '0': AMENT_PREFIX_PATH=/home/hema/ankhrobotics.github.io/Lectures/ros2_course/dolly_ws/install/dolly_follow:${AMENT_PREFIX_PATH} CMAKE_PREFIX_PATH=/home/hema/ankhrobotics.github.io/Lectures/ros2_course/dolly_ws/install/dolly_follow:/opt/ros/eloquent /usr/local/bin/cmake --build /home/hema/ankhrobotics.github.io/Lectures/ros2_course/dolly_ws/build/dolly_ignition -- -j4 -l4
[17.854s] WARNING:colcon.colcon_cmake.task.cmake.build:Could not run installation step for package 'dolly_ignition' because it has no 'install' target
[17.854s] Level 1:colcon.colcon_core.environment:create_environment_scripts_only(dolly_ignition)
[17.868s] Level 1:colcon.colcon_core.environment:checking '/home/hema/ankhrobotics.github.io/Lectures/ros2_course/dolly_ws/install/dolly_ignition' for CMake module files
[17.868s] Level 1:colcon.colcon_core.environment:checking '/home/hema/ankhrobotics.github.io/Lectures/ros2_course/dolly_ws/install/dolly_ignition' for CMake config files
[17.869s] Level 1:colcon.colcon_core.environment:checking '/home/hema/ankhrobotics.github.io/Lectures/ros2_course/dolly_ws/install/dolly_ignition/bin'
[17.870s] Level 1:colcon.colcon_core.environment:checking '/home/hema/ankhrobotics.github.io/Lectures/ros2_course/dolly_ws/install/dolly_ignition/lib/pkgconfig/dolly_ignition.pc'
[17.870s] Level 1:colcon.colcon_core.environment:checking '/home/hema/ankhrobotics.github.io/Lectures/ros2_course/dolly_ws/install/dolly_ignition/lib/python3.6/site-packages'
[17.878s] INFO:colcon.colcon_core.shell:Creating package script '/home/hema/ankhrobotics.github.io/Lectures/ros2_course/dolly_ws/install/dolly_ignition/share/dolly_ignition/package.ps1'
[17.879s] INFO:colcon.colcon_core.shell:Creating package descriptor '/home/hema/ankhrobotics.github.io/Lectures/ros2_course/dolly_ws/install/dolly_ignition/share/dolly_ignition/package.dsv'
[17.880s] INFO:colcon.colcon_core.shell:Creating package script '/home/hema/ankhrobotics.github.io/Lectures/ros2_course/dolly_ws/install/dolly_ignition/share/dolly_ignition/package.sh'
[17.880s] INFO:colcon.colcon_core.shell:Creating package script '/home/hema/ankhrobotics.github.io/Lectures/ros2_course/dolly_ws/install/dolly_ignition/share/dolly_ignition/package.bash'
[17.881s] INFO:colcon.colcon_core.shell:Creating package script '/home/hema/ankhrobotics.github.io/Lectures/ros2_course/dolly_ws/install/dolly_ignition/share/dolly_ignition/package.zsh'
[17.881s] Level 1:colcon.colcon_core.environment:create_file_with_runtime_dependencies(/home/hema/ankhrobotics.github.io/Lectures/ros2_course/dolly_ws/install/dolly_ignition/share/colcon-core/packages/dolly_ignition)
[20.283s] DEBUG:colcon.colcon_core.event_handler.log_command:Invoked command in '/home/hema/ankhrobotics.github.io/Lectures/ros2_course/dolly_ws/build/dolly_gazebo' returned '0': AMENT_PREFIX_PATH=/home/hema/ankhrobotics.github.io/Lectures/ros2_course/dolly_ws/install/dolly_follow:${AMENT_PREFIX_PATH} CMAKE_PREFIX_PATH=/home/hema/ankhrobotics.github.io/Lectures/ros2_course/dolly_ws/install/dolly_follow:/opt/ros/eloquent /usr/local/bin/cmake /home/hema/ankhrobotics.github.io/Lectures/ros2_course/dolly_ws/src/dolly/dolly_gazebo -DCMAKE_INSTALL_PREFIX=/home/hema/ankhrobotics.github.io/Lectures/ros2_course/dolly_ws/install/dolly_gazebo
[20.286s] DEBUG:colcon.colcon_core.event_handler.log_command:Invoking command in '/home/hema/ankhrobotics.github.io/Lectures/ros2_course/dolly_ws/build/dolly_gazebo': AMENT_PREFIX_PATH=/home/hema/ankhrobotics.github.io/Lectures/ros2_course/dolly_ws/install/dolly_follow:${AMENT_PREFIX_PATH} CMAKE_PREFIX_PATH=/home/hema/ankhrobotics.github.io/Lectures/ros2_course/dolly_ws/install/dolly_follow:/opt/ros/eloquent /usr/local/bin/cmake --build /home/hema/ankhrobotics.github.io/Lectures/ros2_course/dolly_ws/build/dolly_gazebo -- -j4 -l4
[20.306s] DEBUG:colcon.colcon_core.event_handler.log_command:Invoked command in '/home/hema/ankhrobotics.github.io/Lectures/ros2_course/dolly_ws/build/dolly_gazebo' returned '0': AMENT_PREFIX_PATH=/home/hema/ankhrobotics.github.io/Lectures/ros2_course/dolly_ws/install/dolly_follow:${AMENT_PREFIX_PATH} CMAKE_PREFIX_PATH=/home/hema/ankhrobotics.github.io/Lectures/ros2_course/dolly_ws/install/dolly_follow:/opt/ros/eloquent /usr/local/bin/cmake --build /home/hema/ankhrobotics.github.io/Lectures/ros2_course/dolly_ws/build/dolly_gazebo -- -j4 -l4
[20.334s] DEBUG:colcon.colcon_core.event_handler.log_command:Invoking command in '/home/hema/ankhrobotics.github.io/Lectures/ros2_course/dolly_ws/build/dolly_gazebo': AMENT_PREFIX_PATH=/home/hema/ankhrobotics.github.io/Lectures/ros2_course/dolly_ws/install/dolly_follow:${AMENT_PREFIX_PATH} CMAKE_PREFIX_PATH=/home/hema/ankhrobotics.github.io/Lectures/ros2_course/dolly_ws/install/dolly_follow:/opt/ros/eloquent /usr/local/bin/cmake --build /home/hema/ankhrobotics.github.io/Lectures/ros2_course/dolly_ws/build/dolly_gazebo --target install -- -j4 -l4
[20.406s] Level 1:colcon.colcon_core.environment:create_environment_scripts_only(dolly_gazebo)
[20.417s] Level 1:colcon.colcon_core.environment:checking '/home/hema/ankhrobotics.github.io/Lectures/ros2_course/dolly_ws/install/dolly_gazebo' for CMake module files
[20.417s] DEBUG:colcon.colcon_core.event_handler.log_command:Invoked command in '/home/hema/ankhrobotics.github.io/Lectures/ros2_course/dolly_ws/build/dolly_gazebo' returned '0': AMENT_PREFIX_PATH=/home/hema/ankhrobotics.github.io/Lectures/ros2_course/dolly_ws/install/dolly_follow:${AMENT_PREFIX_PATH} CMAKE_PREFIX_PATH=/home/hema/ankhrobotics.github.io/Lectures/ros2_course/dolly_ws/install/dolly_follow:/opt/ros/eloquent /usr/local/bin/cmake --build /home/hema/ankhrobotics.github.io/Lectures/ros2_course/dolly_ws/build/dolly_gazebo --target install -- -j4 -l4
[20.417s] Level 1:colcon.colcon_core.environment:checking '/home/hema/ankhrobotics.github.io/Lectures/ros2_course/dolly_ws/install/dolly_gazebo' for CMake config files
[20.418s] Level 1:colcon.colcon_core.shell:create_environment_hook('dolly_gazebo', 'cmake_prefix_path')
[20.426s] INFO:colcon.colcon_core.shell:Creating environment hook '/home/hema/ankhrobotics.github.io/Lectures/ros2_course/dolly_ws/install/dolly_gazebo/share/dolly_gazebo/hook/cmake_prefix_path.ps1'
[20.426s] INFO:colcon.colcon_core.shell:Creating environment descriptor '/home/hema/ankhrobotics.github.io/Lectures/ros2_course/dolly_ws/install/dolly_gazebo/share/dolly_gazebo/hook/cmake_prefix_path.dsv'
[20.427s] INFO:colcon.colcon_core.shell:Creating environment hook '/home/hema/ankhrobotics.github.io/Lectures/ros2_course/dolly_ws/install/dolly_gazebo/share/dolly_gazebo/hook/cmake_prefix_path.sh'
[20.428s] Level 1:colcon.colcon_core.environment:checking '/home/hema/ankhrobotics.github.io/Lectures/ros2_course/dolly_ws/install/dolly_gazebo/bin'
[20.428s] Level 1:colcon.colcon_core.environment:checking '/home/hema/ankhrobotics.github.io/Lectures/ros2_course/dolly_ws/install/dolly_gazebo/lib/pkgconfig/dolly_gazebo.pc'
[20.428s] Level 1:colcon.colcon_core.environment:checking '/home/hema/ankhrobotics.github.io/Lectures/ros2_course/dolly_ws/install/dolly_gazebo/lib/python3.6/site-packages'
[20.436s] INFO:colcon.colcon_core.shell:Creating package script '/home/hema/ankhrobotics.github.io/Lectures/ros2_course/dolly_ws/install/dolly_gazebo/share/dolly_gazebo/package.ps1'
[20.437s] INFO:colcon.colcon_core.shell:Creating package descriptor '/home/hema/ankhrobotics.github.io/Lectures/ros2_course/dolly_ws/install/dolly_gazebo/share/dolly_gazebo/package.dsv'
[20.437s] INFO:colcon.colcon_core.shell:Creating package script '/home/hema/ankhrobotics.github.io/Lectures/ros2_course/dolly_ws/install/dolly_gazebo/share/dolly_gazebo/package.sh'
[20.438s] INFO:colcon.colcon_core.shell:Creating package script '/home/hema/ankhrobotics.github.io/Lectures/ros2_course/dolly_ws/install/dolly_gazebo/share/dolly_gazebo/package.bash'
[20.438s] INFO:colcon.colcon_core.shell:Creating package script '/home/hema/ankhrobotics.github.io/Lectures/ros2_course/dolly_ws/install/dolly_gazebo/share/dolly_gazebo/package.zsh'
[20.439s] Level 1:colcon.colcon_core.environment:create_file_with_runtime_dependencies(/home/hema/ankhrobotics.github.io/Lectures/ros2_course/dolly_ws/install/dolly_gazebo/share/colcon-core/packages/dolly_gazebo)
[20.439s] INFO:colcon.colcon_ros.task.ament_cmake.build:Building ROS package in '/home/hema/ankhrobotics.github.io/Lectures/ros2_course/dolly_ws/src/dolly/dolly' with build type 'ament_cmake'
[20.447s] INFO:colcon.colcon_cmake.task.cmake.build:Building CMake package in '/home/hema/ankhrobotics.github.io/Lectures/ros2_course/dolly_ws/src/dolly/dolly'
[20.456s] INFO:colcon.colcon_core.shell:Skip shell extension 'powershell' for command environment: Not usable outside of PowerShell
[20.456s] DEBUG:colcon.colcon_core.shell:Skip shell extension 'dsv' for command environment
[20.462s] DEBUG:colcon.colcon_core.shell:Ignoring prefix path '/opt/ros/eloquent'
[20.473s] DEBUG:colcon.colcon_core.event_handler.log_command:Invoking command in '/home/hema/ankhrobotics.github.io/Lectures/ros2_course/dolly_ws/build/dolly': AMENT_PREFIX_PATH=/home/hema/ankhrobotics.github.io/Lectures/ros2_course/dolly_ws/install/dolly_gazebo:/home/hema/ankhrobotics.github.io/Lectures/ros2_course/dolly_ws/install/dolly_follow:${AMENT_PREFIX_PATH} CMAKE_PREFIX_PATH=/home/hema/ankhrobotics.github.io/Lectures/ros2_course/dolly_ws/install/dolly_gazebo:/home/hema/ankhrobotics.github.io/Lectures/ros2_course/dolly_ws/install/dolly_follow:/opt/ros/eloquent GAZEBO_MODEL_PATH=/home/hema/ankhrobotics.github.io/Lectures/ros2_course/dolly_ws/install/dolly_gazebo/share/dolly_gazebo/models GAZEBO_RESOURCE_PATH=/home/hema/ankhrobotics.github.io/Lectures/ros2_course/dolly_ws/install/dolly_gazebo/share/dolly_gazebo/worlds /usr/local/bin/cmake /home/hema/ankhrobotics.github.io/Lectures/ros2_course/dolly_ws/src/dolly/dolly -DCMAKE_INSTALL_PREFIX=/home/hema/ankhrobotics.github.io/Lectures/ros2_course/dolly_ws/install/dolly
[21.469s] DEBUG:colcon.colcon_core.event_handler.log_command:Invoked command in '/home/hema/ankhrobotics.github.io/Lectures/ros2_course/dolly_ws/build/dolly' returned '0': AMENT_PREFIX_PATH=/home/hema/ankhrobotics.github.io/Lectures/ros2_course/dolly_ws/install/dolly_gazebo:/home/hema/ankhrobotics.github.io/Lectures/ros2_course/dolly_ws/install/dolly_follow:${AMENT_PREFIX_PATH} CMAKE_PREFIX_PATH=/home/hema/ankhrobotics.github.io/Lectures/ros2_course/dolly_ws/install/dolly_gazebo:/home/hema/ankhrobotics.github.io/Lectures/ros2_course/dolly_ws/install/dolly_follow:/opt/ros/eloquent GAZEBO_MODEL_PATH=/home/hema/ankhrobotics.github.io/Lectures/ros2_course/dolly_ws/install/dolly_gazebo/share/dolly_gazebo/models GAZEBO_RESOURCE_PATH=/home/hema/ankhrobotics.github.io/Lectures/ros2_course/dolly_ws/install/dolly_gazebo/share/dolly_gazebo/worlds /usr/local/bin/cmake /home/hema/ankhrobotics.github.io/Lectures/ros2_course/dolly_ws/src/dolly/dolly -DCMAKE_INSTALL_PREFIX=/home/hema/ankhrobotics.github.io/Lectures/ros2_course/dolly_ws/install/dolly
[21.473s] DEBUG:colcon.colcon_core.event_handler.log_command:Invoking command in '/home/hema/ankhrobotics.github.io/Lectures/ros2_course/dolly_ws/build/dolly': AMENT_PREFIX_PATH=/home/hema/ankhrobotics.github.io/Lectures/ros2_course/dolly_ws/install/dolly_gazebo:/home/hema/ankhrobotics.github.io/Lectures/ros2_course/dolly_ws/install/dolly_follow:${AMENT_PREFIX_PATH} CMAKE_PREFIX_PATH=/home/hema/ankhrobotics.github.io/Lectures/ros2_course/dolly_ws/install/dolly_gazebo:/home/hema/ankhrobotics.github.io/Lectures/ros2_course/dolly_ws/install/dolly_follow:/opt/ros/eloquent GAZEBO_MODEL_PATH=/home/hema/ankhrobotics.github.io/Lectures/ros2_course/dolly_ws/install/dolly_gazebo/share/dolly_gazebo/models GAZEBO_RESOURCE_PATH=/home/hema/ankhrobotics.github.io/Lectures/ros2_course/dolly_ws/install/dolly_gazebo/share/dolly_gazebo/worlds /usr/local/bin/cmake --build /home/hema/ankhrobotics.github.io/Lectures/ros2_course/dolly_ws/build/dolly -- -j4 -l4
[21.491s] DEBUG:colcon.colcon_core.event_handler.log_command:Invoked command in '/home/hema/ankhrobotics.github.io/Lectures/ros2_course/dolly_ws/build/dolly' returned '0': AMENT_PREFIX_PATH=/home/hema/ankhrobotics.github.io/Lectures/ros2_course/dolly_ws/install/dolly_gazebo:/home/hema/ankhrobotics.github.io/Lectures/ros2_course/dolly_ws/install/dolly_follow:${AMENT_PREFIX_PATH} CMAKE_PREFIX_PATH=/home/hema/ankhrobotics.github.io/Lectures/ros2_course/dolly_ws/install/dolly_gazebo:/home/hema/ankhrobotics.github.io/Lectures/ros2_course/dolly_ws/install/dolly_follow:/opt/ros/eloquent GAZEBO_MODEL_PATH=/home/hema/ankhrobotics.github.io/Lectures/ros2_course/dolly_ws/install/dolly_gazebo/share/dolly_gazebo/models GAZEBO_RESOURCE_PATH=/home/hema/ankhrobotics.github.io/Lectures/ros2_course/dolly_ws/install/dolly_gazebo/share/dolly_gazebo/worlds /usr/local/bin/cmake --build /home/hema/ankhrobotics.github.io/Lectures/ros2_course/dolly_ws/build/dolly -- -j4 -l4
[21.510s] DEBUG:colcon.colcon_core.event_handler.log_command:Invoking command in '/home/hema/ankhrobotics.github.io/Lectures/ros2_course/dolly_ws/build/dolly': AMENT_PREFIX_PATH=/home/hema/ankhrobotics.github.io/Lectures/ros2_course/dolly_ws/install/dolly_gazebo:/home/hema/ankhrobotics.github.io/Lectures/ros2_course/dolly_ws/install/dolly_follow:${AMENT_PREFIX_PATH} CMAKE_PREFIX_PATH=/home/hema/ankhrobotics.github.io/Lectures/ros2_course/dolly_ws/install/dolly_gazebo:/home/hema/ankhrobotics.github.io/Lectures/ros2_course/dolly_ws/install/dolly_follow:/opt/ros/eloquent GAZEBO_MODEL_PATH=/home/hema/ankhrobotics.github.io/Lectures/ros2_course/dolly_ws/install/dolly_gazebo/share/dolly_gazebo/models GAZEBO_RESOURCE_PATH=/home/hema/ankhrobotics.github.io/Lectures/ros2_course/dolly_ws/install/dolly_gazebo/share/dolly_gazebo/worlds /usr/local/bin/cmake --build /home/hema/ankhrobotics.github.io/Lectures/ros2_course/dolly_ws/build/dolly --target install -- -j4 -l4
[21.535s] Level 1:colcon.colcon_core.environment:create_environment_scripts_only(dolly)
[21.544s] Level 1:colcon.colcon_core.environment:checking '/home/hema/ankhrobotics.github.io/Lectures/ros2_course/dolly_ws/install/dolly' for CMake module files
[21.545s] DEBUG:colcon.colcon_core.event_handler.log_command:Invoked command in '/home/hema/ankhrobotics.github.io/Lectures/ros2_course/dolly_ws/build/dolly' returned '0': AMENT_PREFIX_PATH=/home/hema/ankhrobotics.github.io/Lectures/ros2_course/dolly_ws/install/dolly_gazebo:/home/hema/ankhrobotics.github.io/Lectures/ros2_course/dolly_ws/install/dolly_follow:${AMENT_PREFIX_PATH} CMAKE_PREFIX_PATH=/home/hema/ankhrobotics.github.io/Lectures/ros2_course/dolly_ws/install/dolly_gazebo:/home/hema/ankhrobotics.github.io/Lectures/ros2_course/dolly_ws/install/dolly_follow:/opt/ros/eloquent GAZEBO_MODEL_PATH=/home/hema/ankhrobotics.github.io/Lectures/ros2_course/dolly_ws/install/dolly_gazebo/share/dolly_gazebo/models GAZEBO_RESOURCE_PATH=/home/hema/ankhrobotics.github.io/Lectures/ros2_course/dolly_ws/install/dolly_gazebo/share/dolly_gazebo/worlds /usr/local/bin/cmake --build /home/hema/ankhrobotics.github.io/Lectures/ros2_course/dolly_ws/build/dolly --target install -- -j4 -l4
[21.545s] Level 1:colcon.colcon_core.environment:checking '/home/hema/ankhrobotics.github.io/Lectures/ros2_course/dolly_ws/install/dolly' for CMake config files
[21.545s] Level 1:colcon.colcon_core.shell:create_environment_hook('dolly', 'cmake_prefix_path')
[21.553s] INFO:colcon.colcon_core.shell:Creating environment hook '/home/hema/ankhrobotics.github.io/Lectures/ros2_course/dolly_ws/install/dolly/share/dolly/hook/cmake_prefix_path.ps1'
[21.554s] INFO:colcon.colcon_core.shell:Creating environment descriptor '/home/hema/ankhrobotics.github.io/Lectures/ros2_course/dolly_ws/install/dolly/share/dolly/hook/cmake_prefix_path.dsv'
[21.554s] INFO:colcon.colcon_core.shell:Creating environment hook '/home/hema/ankhrobotics.github.io/Lectures/ros2_course/dolly_ws/install/dolly/share/dolly/hook/cmake_prefix_path.sh'
[21.555s] Level 1:colcon.colcon_core.environment:checking '/home/hema/ankhrobotics.github.io/Lectures/ros2_course/dolly_ws/install/dolly/bin'
[21.555s] Level 1:colcon.colcon_core.environment:checking '/home/hema/ankhrobotics.github.io/Lectures/ros2_course/dolly_ws/install/dolly/lib/pkgconfig/dolly.pc'
[21.555s] Level 1:colcon.colcon_core.environment:checking '/home/hema/ankhrobotics.github.io/Lectures/ros2_course/dolly_ws/install/dolly/lib/python3.6/site-packages'
[21.564s] INFO:colcon.colcon_core.shell:Creating package script '/home/hema/ankhrobotics.github.io/Lectures/ros2_course/dolly_ws/install/dolly/share/dolly/package.ps1'
[21.564s] INFO:colcon.colcon_core.shell:Creating package descriptor '/home/hema/ankhrobotics.github.io/Lectures/ros2_course/dolly_ws/install/dolly/share/dolly/package.dsv'
[21.565s] INFO:colcon.colcon_core.shell:Creating package script '/home/hema/ankhrobotics.github.io/Lectures/ros2_course/dolly_ws/install/dolly/share/dolly/package.sh'
[21.566s] INFO:colcon.colcon_core.shell:Creating package script '/home/hema/ankhrobotics.github.io/Lectures/ros2_course/dolly_ws/install/dolly/share/dolly/package.bash'
[21.566s] INFO:colcon.colcon_core.shell:Creating package script '/home/hema/ankhrobotics.github.io/Lectures/ros2_course/dolly_ws/install/dolly/share/dolly/package.zsh'
[21.566s] Level 1:colcon.colcon_core.environment:create_file_with_runtime_dependencies(/home/hema/ankhrobotics.github.io/Lectures/ros2_course/dolly_ws/install/dolly/share/colcon-core/packages/dolly)
[21.567s] DEBUG:colcon.colcon_parallel_executor.executor.parallel:closing loop
[21.568s] DEBUG:colcon.colcon_parallel_executor.executor.parallel:loop closed
[21.568s] DEBUG:colcon.colcon_parallel_executor.executor.parallel:run_until_complete finished with '0'
[21.568s] DEBUG:colcon.colcon_core.event_reactor:joining thread
[21.816s] INFO:colcon.colcon_core.plugin_system:Skipping extension 'colcon_notification.desktop_notification.terminal_notifier': Not used on non-Darwin systems
[21.816s] INFO:colcon.colcon_core.plugin_system:Skipping extension 'colcon_notification.desktop_notification.win32': Not used on non-Windows systems
[21.817s] INFO:colcon.colcon_notification.desktop_notification:Sending desktop notification using 'notify2'
[21.823s] DEBUG:colcon.colcon_core.event_reactor:joined thread
[21.853s] INFO:colcon.colcon_core.shell:Creating prefix script '/home/hema/ankhrobotics.github.io/Lectures/ros2_course/dolly_ws/install/local_setup.ps1'
[21.857s] INFO:colcon.colcon_core.shell:Creating prefix util module '/home/hema/ankhrobotics.github.io/Lectures/ros2_course/dolly_ws/install/_local_setup_util_ps1.py'
[21.861s] INFO:colcon.colcon_core.shell:Creating prefix chain script '/home/hema/ankhrobotics.github.io/Lectures/ros2_course/dolly_ws/install/setup.ps1'
[21.880s] INFO:colcon.colcon_core.shell:Creating prefix script '/home/hema/ankhrobotics.github.io/Lectures/ros2_course/dolly_ws/install/local_setup.sh'
[21.885s] INFO:colcon.colcon_core.shell:Creating prefix util module '/home/hema/ankhrobotics.github.io/Lectures/ros2_course/dolly_ws/install/_local_setup_util_sh.py'
[21.886s] INFO:colcon.colcon_core.shell:Creating prefix chain script '/home/hema/ankhrobotics.github.io/Lectures/ros2_course/dolly_ws/install/setup.sh'
[21.906s] INFO:colcon.colcon_core.shell:Creating prefix script '/home/hema/ankhrobotics.github.io/Lectures/ros2_course/dolly_ws/install/local_setup.bash'
[21.909s] INFO:colcon.colcon_core.shell:Creating prefix chain script '/home/hema/ankhrobotics.github.io/Lectures/ros2_course/dolly_ws/install/setup.bash'
[21.925s] INFO:colcon.colcon_core.shell:Creating prefix script '/home/hema/ankhrobotics.github.io/Lectures/ros2_course/dolly_ws/install/local_setup.zsh'
[21.926s] INFO:colcon.colcon_core.shell:Creating prefix chain script '/home/hema/ankhrobotics.github.io/Lectures/ros2_course/dolly_ws/install/setup.zsh'
