[1.555s] DEBUG:colcon:Command line arguments: ['/home/hema/.local/bin/colcon', 'list', '-p', '--base-paths', '/home/hema/ankhrobotics.github.io/Lectures/ros2_course/dolly_ws']
[1.555s] DEBUG:colcon:Parsed command line arguments: Namespace(base_paths=['/home/hema/ankhrobotics.github.io/Lectures/ros2_course/dolly_ws'], build_base='build', ignore_user_meta=False, log_base=None, log_level=None, main=<bound method ListVerb.main of <colcon_package_information.verb.list.ListVerb object at 0x7f576f4012b0>>, metas=['./colcon.meta'], names_only=False, packages_above=None, packages_above_depth=None, packages_end=None, packages_ignore=None, packages_ignore_regex=None, packages_select=None, packages_select_build_failed=False, packages_select_by_dep=None, packages_select_regex=None, packages_select_test_failures=False, packages_skip=None, packages_skip_build_finished=False, packages_skip_by_dep=None, packages_skip_regex=None, packages_skip_test_passed=False, packages_skip_up_to=None, packages_start=None, packages_up_to=None, paths=None, paths_only=True, topological_order=False, verb_extension=<colcon_package_information.verb.list.ListVerb object at 0x7f576f4012b0>, verb_name='list', verb_parser=<colcon_defaults.argument_parser.defaults.DefaultArgumentsDecorator object at 0x7f576f408278>)
[1.638s] Level 1:colcon.colcon_core.package_discovery:discover_packages(colcon_meta) check parameters
[1.638s] Level 1:colcon.colcon_core.package_discovery:discover_packages(recursive) check parameters
[1.638s] Level 1:colcon.colcon_core.package_discovery:discover_packages(ignore) check parameters
[1.638s] Level 1:colcon.colcon_core.package_discovery:discover_packages(path) check parameters
[1.638s] Level 1:colcon.colcon_core.package_discovery:discover_packages(recursive) discover
[1.639s] INFO:colcon.colcon_core.package_discovery:Crawling recursively for packages in '/home/hema/ankhrobotics.github.io/Lectures/ros2_course/dolly_ws'
[1.639s] Level 1:colcon.colcon_core.package_identification:_identify(/home/hema/ankhrobotics.github.io/Lectures/ros2_course/dolly_ws) by extensions ['ignore', 'ignore_ament_install']
[1.639s] Level 1:colcon.colcon_core.package_identification:_identify(/home/hema/ankhrobotics.github.io/Lectures/ros2_course/dolly_ws) by extension 'ignore'
[1.639s] Level 1:colcon.colcon_core.package_identification:_identify(/home/hema/ankhrobotics.github.io/Lectures/ros2_course/dolly_ws) by extension 'ignore_ament_install'
[1.639s] Level 1:colcon.colcon_core.package_identification:_identify(/home/hema/ankhrobotics.github.io/Lectures/ros2_course/dolly_ws) by extensions ['colcon_pkg']
[1.639s] Level 1:colcon.colcon_core.package_identification:_identify(/home/hema/ankhrobotics.github.io/Lectures/ros2_course/dolly_ws) by extension 'colcon_pkg'
[1.639s] Level 1:colcon.colcon_core.package_identification:_identify(/home/hema/ankhrobotics.github.io/Lectures/ros2_course/dolly_ws) by extensions ['colcon_meta']
[1.640s] Level 1:colcon.colcon_core.package_identification:_identify(/home/hema/ankhrobotics.github.io/Lectures/ros2_course/dolly_ws) by extension 'colcon_meta'
[1.640s] Level 1:colcon.colcon_core.package_identification:_identify(/home/hema/ankhrobotics.github.io/Lectures/ros2_course/dolly_ws) by extensions ['ros']
[1.640s] Level 1:colcon.colcon_core.package_identification:_identify(/home/hema/ankhrobotics.github.io/Lectures/ros2_course/dolly_ws) by extension 'ros'
[1.661s] Level 1:colcon.colcon_core.package_identification:_identify(/home/hema/ankhrobotics.github.io/Lectures/ros2_course/dolly_ws) by extensions ['cmake', 'python']
[1.661s] Level 1:colcon.colcon_core.package_identification:_identify(/home/hema/ankhrobotics.github.io/Lectures/ros2_course/dolly_ws) by extension 'cmake'
[1.661s] Level 1:colcon.colcon_core.package_identification:_identify(/home/hema/ankhrobotics.github.io/Lectures/ros2_course/dolly_ws) by extension 'python'
[1.661s] Level 1:colcon.colcon_core.package_identification:_identify(/home/hema/ankhrobotics.github.io/Lectures/ros2_course/dolly_ws) by extensions ['python_setup_py']
[1.661s] Level 1:colcon.colcon_core.package_identification:_identify(/home/hema/ankhrobotics.github.io/Lectures/ros2_course/dolly_ws) by extension 'python_setup_py'
[1.662s] Level 1:colcon.colcon_core.package_identification:_identify(/home/hema/ankhrobotics.github.io/Lectures/ros2_course/dolly_ws/build) by extensions ['ignore', 'ignore_ament_install']
[1.662s] Level 1:colcon.colcon_core.package_identification:_identify(/home/hema/ankhrobotics.github.io/Lectures/ros2_course/dolly_ws/build) by extension 'ignore'
[1.662s] Level 1:colcon.colcon_core.package_identification:_identify(/home/hema/ankhrobotics.github.io/Lectures/ros2_course/dolly_ws/build) ignored
[1.663s] Level 1:colcon.colcon_core.package_identification:_identify(/home/hema/ankhrobotics.github.io/Lectures/ros2_course/dolly_ws/install) by extensions ['ignore', 'ignore_ament_install']
[1.663s] Level 1:colcon.colcon_core.package_identification:_identify(/home/hema/ankhrobotics.github.io/Lectures/ros2_course/dolly_ws/install) by extension 'ignore'
[1.663s] Level 1:colcon.colcon_core.package_identification:_identify(/home/hema/ankhrobotics.github.io/Lectures/ros2_course/dolly_ws/install) ignored
[1.663s] Level 1:colcon.colcon_core.package_identification:_identify(/home/hema/ankhrobotics.github.io/Lectures/ros2_course/dolly_ws/log) by extensions ['ignore', 'ignore_ament_install']
[1.663s] Level 1:colcon.colcon_core.package_identification:_identify(/home/hema/ankhrobotics.github.io/Lectures/ros2_course/dolly_ws/log) by extension 'ignore'
[1.663s] Level 1:colcon.colcon_core.package_identification:_identify(/home/hema/ankhrobotics.github.io/Lectures/ros2_course/dolly_ws/log) ignored
[1.664s] Level 1:colcon.colcon_core.package_identification:_identify(/home/hema/ankhrobotics.github.io/Lectures/ros2_course/dolly_ws/src) by extensions ['ignore', 'ignore_ament_install']
[1.664s] Level 1:colcon.colcon_core.package_identification:_identify(/home/hema/ankhrobotics.github.io/Lectures/ros2_course/dolly_ws/src) by extension 'ignore'
[1.664s] Level 1:colcon.colcon_core.package_identification:_identify(/home/hema/ankhrobotics.github.io/Lectures/ros2_course/dolly_ws/src) by extension 'ignore_ament_install'
[1.664s] Level 1:colcon.colcon_core.package_identification:_identify(/home/hema/ankhrobotics.github.io/Lectures/ros2_course/dolly_ws/src) by extensions ['colcon_pkg']
[1.664s] Level 1:colcon.colcon_core.package_identification:_identify(/home/hema/ankhrobotics.github.io/Lectures/ros2_course/dolly_ws/src) by extension 'colcon_pkg'
[1.664s] Level 1:colcon.colcon_core.package_identification:_identify(/home/hema/ankhrobotics.github.io/Lectures/ros2_course/dolly_ws/src) by extensions ['colcon_meta']
[1.664s] Level 1:colcon.colcon_core.package_identification:_identify(/home/hema/ankhrobotics.github.io/Lectures/ros2_course/dolly_ws/src) by extension 'colcon_meta'
[1.664s] Level 1:colcon.colcon_core.package_identification:_identify(/home/hema/ankhrobotics.github.io/Lectures/ros2_course/dolly_ws/src) by extensions ['ros']
[1.664s] Level 1:colcon.colcon_core.package_identification:_identify(/home/hema/ankhrobotics.github.io/Lectures/ros2_course/dolly_ws/src) by extension 'ros'
[1.665s] Level 1:colcon.colcon_core.package_identification:_identify(/home/hema/ankhrobotics.github.io/Lectures/ros2_course/dolly_ws/src) by extensions ['cmake', 'python']
[1.665s] Level 1:colcon.colcon_core.package_identification:_identify(/home/hema/ankhrobotics.github.io/Lectures/ros2_course/dolly_ws/src) by extension 'cmake'
[1.665s] Level 1:colcon.colcon_core.package_identification:_identify(/home/hema/ankhrobotics.github.io/Lectures/ros2_course/dolly_ws/src) by extension 'python'
[1.665s] Level 1:colcon.colcon_core.package_identification:_identify(/home/hema/ankhrobotics.github.io/Lectures/ros2_course/dolly_ws/src) by extensions ['python_setup_py']
[1.665s] Level 1:colcon.colcon_core.package_identification:_identify(/home/hema/ankhrobotics.github.io/Lectures/ros2_course/dolly_ws/src) by extension 'python_setup_py'
[1.665s] Level 1:colcon.colcon_core.package_identification:_identify(/home/hema/ankhrobotics.github.io/Lectures/ros2_course/dolly_ws/src/dolly) by extensions ['ignore', 'ignore_ament_install']
[1.665s] Level 1:colcon.colcon_core.package_identification:_identify(/home/hema/ankhrobotics.github.io/Lectures/ros2_course/dolly_ws/src/dolly) by extension 'ignore'
[1.666s] Level 1:colcon.colcon_core.package_identification:_identify(/home/hema/ankhrobotics.github.io/Lectures/ros2_course/dolly_ws/src/dolly) by extension 'ignore_ament_install'
[1.666s] Level 1:colcon.colcon_core.package_identification:_identify(/home/hema/ankhrobotics.github.io/Lectures/ros2_course/dolly_ws/src/dolly) by extensions ['colcon_pkg']
[1.666s] Level 1:colcon.colcon_core.package_identification:_identify(/home/hema/ankhrobotics.github.io/Lectures/ros2_course/dolly_ws/src/dolly) by extension 'colcon_pkg'
[1.666s] Level 1:colcon.colcon_core.package_identification:_identify(/home/hema/ankhrobotics.github.io/Lectures/ros2_course/dolly_ws/src/dolly) by extensions ['colcon_meta']
[1.666s] Level 1:colcon.colcon_core.package_identification:_identify(/home/hema/ankhrobotics.github.io/Lectures/ros2_course/dolly_ws/src/dolly) by extension 'colcon_meta'
[1.666s] Level 1:colcon.colcon_core.package_identification:_identify(/home/hema/ankhrobotics.github.io/Lectures/ros2_course/dolly_ws/src/dolly) by extensions ['ros']
[1.666s] Level 1:colcon.colcon_core.package_identification:_identify(/home/hema/ankhrobotics.github.io/Lectures/ros2_course/dolly_ws/src/dolly) by extension 'ros'
[1.666s] Level 1:colcon.colcon_core.package_identification:_identify(/home/hema/ankhrobotics.github.io/Lectures/ros2_course/dolly_ws/src/dolly) by extensions ['cmake', 'python']
[1.666s] Level 1:colcon.colcon_core.package_identification:_identify(/home/hema/ankhrobotics.github.io/Lectures/ros2_course/dolly_ws/src/dolly) by extension 'cmake'
[1.667s] Level 1:colcon.colcon_core.package_identification:_identify(/home/hema/ankhrobotics.github.io/Lectures/ros2_course/dolly_ws/src/dolly) by extension 'python'
[1.667s] Level 1:colcon.colcon_core.package_identification:_identify(/home/hema/ankhrobotics.github.io/Lectures/ros2_course/dolly_ws/src/dolly) by extensions ['python_setup_py']
[1.667s] Level 1:colcon.colcon_core.package_identification:_identify(/home/hema/ankhrobotics.github.io/Lectures/ros2_course/dolly_ws/src/dolly) by extension 'python_setup_py'
[1.667s] Level 1:colcon.colcon_core.package_identification:_identify(/home/hema/ankhrobotics.github.io/Lectures/ros2_course/dolly_ws/src/dolly/dolly) by extensions ['ignore', 'ignore_ament_install']
[1.667s] Level 1:colcon.colcon_core.package_identification:_identify(/home/hema/ankhrobotics.github.io/Lectures/ros2_course/dolly_ws/src/dolly/dolly) by extension 'ignore'
[1.667s] Level 1:colcon.colcon_core.package_identification:_identify(/home/hema/ankhrobotics.github.io/Lectures/ros2_course/dolly_ws/src/dolly/dolly) by extension 'ignore_ament_install'
[1.668s] Level 1:colcon.colcon_core.package_identification:_identify(/home/hema/ankhrobotics.github.io/Lectures/ros2_course/dolly_ws/src/dolly/dolly) by extensions ['colcon_pkg']
[1.668s] Level 1:colcon.colcon_core.package_identification:_identify(/home/hema/ankhrobotics.github.io/Lectures/ros2_course/dolly_ws/src/dolly/dolly) by extension 'colcon_pkg'
[1.668s] Level 1:colcon.colcon_core.package_identification:_identify(/home/hema/ankhrobotics.github.io/Lectures/ros2_course/dolly_ws/src/dolly/dolly) by extensions ['colcon_meta']
[1.668s] Level 1:colcon.colcon_core.package_identification:_identify(/home/hema/ankhrobotics.github.io/Lectures/ros2_course/dolly_ws/src/dolly/dolly) by extension 'colcon_meta'
[1.668s] Level 1:colcon.colcon_core.package_identification:_identify(/home/hema/ankhrobotics.github.io/Lectures/ros2_course/dolly_ws/src/dolly/dolly) by extensions ['ros']
[1.668s] Level 1:colcon.colcon_core.package_identification:_identify(/home/hema/ankhrobotics.github.io/Lectures/ros2_course/dolly_ws/src/dolly/dolly) by extension 'ros'
[1.671s] DEBUG:colcon.colcon_core.package_identification:Package '/home/hema/ankhrobotics.github.io/Lectures/ros2_course/dolly_ws/src/dolly/dolly' with type 'ros.ament_cmake' and name 'dolly'
[1.672s] Level 1:colcon.colcon_core.package_identification:_identify(/home/hema/ankhrobotics.github.io/Lectures/ros2_course/dolly_ws/src/dolly/dolly_follow) by extensions ['ignore', 'ignore_ament_install']
[1.672s] Level 1:colcon.colcon_core.package_identification:_identify(/home/hema/ankhrobotics.github.io/Lectures/ros2_course/dolly_ws/src/dolly/dolly_follow) by extension 'ignore'
[1.672s] Level 1:colcon.colcon_core.package_identification:_identify(/home/hema/ankhrobotics.github.io/Lectures/ros2_course/dolly_ws/src/dolly/dolly_follow) by extension 'ignore_ament_install'
[1.672s] Level 1:colcon.colcon_core.package_identification:_identify(/home/hema/ankhrobotics.github.io/Lectures/ros2_course/dolly_ws/src/dolly/dolly_follow) by extensions ['colcon_pkg']
[1.672s] Level 1:colcon.colcon_core.package_identification:_identify(/home/hema/ankhrobotics.github.io/Lectures/ros2_course/dolly_ws/src/dolly/dolly_follow) by extension 'colcon_pkg'
[1.672s] Level 1:colcon.colcon_core.package_identification:_identify(/home/hema/ankhrobotics.github.io/Lectures/ros2_course/dolly_ws/src/dolly/dolly_follow) by extensions ['colcon_meta']
[1.672s] Level 1:colcon.colcon_core.package_identification:_identify(/home/hema/ankhrobotics.github.io/Lectures/ros2_course/dolly_ws/src/dolly/dolly_follow) by extension 'colcon_meta'
[1.672s] Level 1:colcon.colcon_core.package_identification:_identify(/home/hema/ankhrobotics.github.io/Lectures/ros2_course/dolly_ws/src/dolly/dolly_follow) by extensions ['ros']
[1.672s] Level 1:colcon.colcon_core.package_identification:_identify(/home/hema/ankhrobotics.github.io/Lectures/ros2_course/dolly_ws/src/dolly/dolly_follow) by extension 'ros'
[1.674s] DEBUG:colcon.colcon_core.package_identification:Package '/home/hema/ankhrobotics.github.io/Lectures/ros2_course/dolly_ws/src/dolly/dolly_follow' with type 'ros.ament_cmake' and name 'dolly_follow'
[1.674s] Level 1:colcon.colcon_core.package_identification:_identify(/home/hema/ankhrobotics.github.io/Lectures/ros2_course/dolly_ws/src/dolly/dolly_gazebo) by extensions ['ignore', 'ignore_ament_install']
[1.674s] Level 1:colcon.colcon_core.package_identification:_identify(/home/hema/ankhrobotics.github.io/Lectures/ros2_course/dolly_ws/src/dolly/dolly_gazebo) by extension 'ignore'
[1.674s] Level 1:colcon.colcon_core.package_identification:_identify(/home/hema/ankhrobotics.github.io/Lectures/ros2_course/dolly_ws/src/dolly/dolly_gazebo) by extension 'ignore_ament_install'
[1.674s] Level 1:colcon.colcon_core.package_identification:_identify(/home/hema/ankhrobotics.github.io/Lectures/ros2_course/dolly_ws/src/dolly/dolly_gazebo) by extensions ['colcon_pkg']
[1.674s] Level 1:colcon.colcon_core.package_identification:_identify(/home/hema/ankhrobotics.github.io/Lectures/ros2_course/dolly_ws/src/dolly/dolly_gazebo) by extension 'colcon_pkg'
[1.674s] Level 1:colcon.colcon_core.package_identification:_identify(/home/hema/ankhrobotics.github.io/Lectures/ros2_course/dolly_ws/src/dolly/dolly_gazebo) by extensions ['colcon_meta']
[1.675s] Level 1:colcon.colcon_core.package_identification:_identify(/home/hema/ankhrobotics.github.io/Lectures/ros2_course/dolly_ws/src/dolly/dolly_gazebo) by extension 'colcon_meta'
[1.675s] Level 1:colcon.colcon_core.package_identification:_identify(/home/hema/ankhrobotics.github.io/Lectures/ros2_course/dolly_ws/src/dolly/dolly_gazebo) by extensions ['ros']
[1.675s] Level 1:colcon.colcon_core.package_identification:_identify(/home/hema/ankhrobotics.github.io/Lectures/ros2_course/dolly_ws/src/dolly/dolly_gazebo) by extension 'ros'
[1.676s] DEBUG:colcon.colcon_core.package_identification:Package '/home/hema/ankhrobotics.github.io/Lectures/ros2_course/dolly_ws/src/dolly/dolly_gazebo' with type 'ros.ament_cmake' and name 'dolly_gazebo'
[1.676s] Level 1:colcon.colcon_core.package_identification:_identify(/home/hema/ankhrobotics.github.io/Lectures/ros2_course/dolly_ws/src/dolly/dolly_ignition) by extensions ['ignore', 'ignore_ament_install']
[1.676s] Level 1:colcon.colcon_core.package_identification:_identify(/home/hema/ankhrobotics.github.io/Lectures/ros2_course/dolly_ws/src/dolly/dolly_ignition) by extension 'ignore'
[1.676s] Level 1:colcon.colcon_core.package_identification:_identify(/home/hema/ankhrobotics.github.io/Lectures/ros2_course/dolly_ws/src/dolly/dolly_ignition) by extension 'ignore_ament_install'
[1.676s] Level 1:colcon.colcon_core.package_identification:_identify(/home/hema/ankhrobotics.github.io/Lectures/ros2_course/dolly_ws/src/dolly/dolly_ignition) by extensions ['colcon_pkg']
[1.677s] Level 1:colcon.colcon_core.package_identification:_identify(/home/hema/ankhrobotics.github.io/Lectures/ros2_course/dolly_ws/src/dolly/dolly_ignition) by extension 'colcon_pkg'
[1.677s] Level 1:colcon.colcon_core.package_identification:_identify(/home/hema/ankhrobotics.github.io/Lectures/ros2_course/dolly_ws/src/dolly/dolly_ignition) by extensions ['colcon_meta']
[1.677s] Level 1:colcon.colcon_core.package_identification:_identify(/home/hema/ankhrobotics.github.io/Lectures/ros2_course/dolly_ws/src/dolly/dolly_ignition) by extension 'colcon_meta'
[1.677s] Level 1:colcon.colcon_core.package_identification:_identify(/home/hema/ankhrobotics.github.io/Lectures/ros2_course/dolly_ws/src/dolly/dolly_ignition) by extensions ['ros']
[1.677s] Level 1:colcon.colcon_core.package_identification:_identify(/home/hema/ankhrobotics.github.io/Lectures/ros2_course/dolly_ws/src/dolly/dolly_ignition) by extension 'ros'
[1.678s] DEBUG:colcon.colcon_core.package_identification:Package '/home/hema/ankhrobotics.github.io/Lectures/ros2_course/dolly_ws/src/dolly/dolly_ignition' with type 'ros.ament_cmake' and name 'dolly_ignition'
[1.678s] Level 1:colcon.colcon_core.package_identification:_identify(/home/hema/ankhrobotics.github.io/Lectures/ros2_course/dolly_ws/src/dolly/images) by extensions ['ignore', 'ignore_ament_install']
[1.678s] Level 1:colcon.colcon_core.package_identification:_identify(/home/hema/ankhrobotics.github.io/Lectures/ros2_course/dolly_ws/src/dolly/images) by extension 'ignore'
[1.678s] Level 1:colcon.colcon_core.package_identification:_identify(/home/hema/ankhrobotics.github.io/Lectures/ros2_course/dolly_ws/src/dolly/images) by extension 'ignore_ament_install'
[1.679s] Level 1:colcon.colcon_core.package_identification:_identify(/home/hema/ankhrobotics.github.io/Lectures/ros2_course/dolly_ws/src/dolly/images) by extensions ['colcon_pkg']
[1.679s] Level 1:colcon.colcon_core.package_identification:_identify(/home/hema/ankhrobotics.github.io/Lectures/ros2_course/dolly_ws/src/dolly/images) by extension 'colcon_pkg'
[1.679s] Level 1:colcon.colcon_core.package_identification:_identify(/home/hema/ankhrobotics.github.io/Lectures/ros2_course/dolly_ws/src/dolly/images) by extensions ['colcon_meta']
[1.679s] Level 1:colcon.colcon_core.package_identification:_identify(/home/hema/ankhrobotics.github.io/Lectures/ros2_course/dolly_ws/src/dolly/images) by extension 'colcon_meta'
[1.679s] Level 1:colcon.colcon_core.package_identification:_identify(/home/hema/ankhrobotics.github.io/Lectures/ros2_course/dolly_ws/src/dolly/images) by extensions ['ros']
[1.679s] Level 1:colcon.colcon_core.package_identification:_identify(/home/hema/ankhrobotics.github.io/Lectures/ros2_course/dolly_ws/src/dolly/images) by extension 'ros'
[1.679s] Level 1:colcon.colcon_core.package_identification:_identify(/home/hema/ankhrobotics.github.io/Lectures/ros2_course/dolly_ws/src/dolly/images) by extensions ['cmake', 'python']
[1.680s] Level 1:colcon.colcon_core.package_identification:_identify(/home/hema/ankhrobotics.github.io/Lectures/ros2_course/dolly_ws/src/dolly/images) by extension 'cmake'
[1.680s] Level 1:colcon.colcon_core.package_identification:_identify(/home/hema/ankhrobotics.github.io/Lectures/ros2_course/dolly_ws/src/dolly/images) by extension 'python'
[1.680s] Level 1:colcon.colcon_core.package_identification:_identify(/home/hema/ankhrobotics.github.io/Lectures/ros2_course/dolly_ws/src/dolly/images) by extensions ['python_setup_py']
[1.680s] Level 1:colcon.colcon_core.package_identification:_identify(/home/hema/ankhrobotics.github.io/Lectures/ros2_course/dolly_ws/src/dolly/images) by extension 'python_setup_py'
[1.680s] Level 1:colcon.colcon_core.package_discovery:discover_packages(recursive) using defaults
[1.701s] Level 1:colcon.colcon_core.package_augmentation.check_dependency_constraint:dolly depends on dolly_gazebo which has version 0.2.0: constraints {}
[1.701s] Level 1:colcon.colcon_core.package_augmentation.check_dependency_constraint:dolly depends on dolly_follow which has version 0.2.0: constraints {}
[1.701s] Level 1:colcon.colcon_core.package_augmentation.check_dependency_constraint:dolly depends on dolly_ignition which has version 0.3.0: constraints {}
[1.701s] Level 1:colcon.colcon_core.package_augmentation.check_dependency_constraint:dolly_gazebo depends on dolly_follow which has version 0.2.0: constraints {}
[1.701s] Level 1:colcon.colcon_core.package_augmentation.check_dependency_constraint:dolly_ignition depends on dolly_follow which has version 0.2.0: constraints {}
