Performing C SOURCE FILE Test CMAKE_HAVE_LIBC_PTHREAD failed with the following output:
Change Dir: /home/hema/ankhrobotics.github.io/Lectures/ros2_course/dolly_ws/build/dolly_gazebo/CMakeFiles/CMakeTmp

Run Build Command(s):/usr/bin/make cmTC_1aa2d/fast && /usr/bin/make -f CMakeFiles/cmTC_1aa2d.dir/build.make CMakeFiles/cmTC_1aa2d.dir/build
make[1]: Entering directory '/home/hema/ankhrobotics.github.io/Lectures/ros2_course/dolly_ws/build/dolly_gazebo/CMakeFiles/CMakeTmp'
Building C object CMakeFiles/cmTC_1aa2d.dir/src.c.o
/usr/bin/cc   -DCMAKE_HAVE_LIBC_PTHREAD   -o CMakeFiles/cmTC_1aa2d.dir/src.c.o   -c /home/hema/ankhrobotics.github.io/Lectures/ros2_course/dolly_ws/build/dolly_gazebo/CMakeFiles/CMakeTmp/src.c
Linking C executable cmTC_1aa2d
/opt/cmake-3.17.0-Linux-x86_64/bin/cmake -E cmake_link_script CMakeFiles/cmTC_1aa2d.dir/link.txt --verbose=1
/usr/bin/cc  -DCMAKE_HAVE_LIBC_PTHREAD    CMakeFiles/cmTC_1aa2d.dir/src.c.o  -o cmTC_1aa2d 
CMakeFiles/cmTC_1aa2d.dir/src.c.o: In function `main':
src.c:(.text+0x3e): undefined reference to `pthread_create'
src.c:(.text+0x4a): undefined reference to `pthread_detach'
src.c:(.text+0x56): undefined reference to `pthread_cancel'
src.c:(.text+0x67): undefined reference to `pthread_join'
src.c:(.text+0x7b): undefined reference to `pthread_atfork'
collect2: error: ld returned 1 exit status
CMakeFiles/cmTC_1aa2d.dir/build.make:103: recipe for target 'cmTC_1aa2d' failed
make[1]: *** [cmTC_1aa2d] Error 1
make[1]: Leaving directory '/home/hema/ankhrobotics.github.io/Lectures/ros2_course/dolly_ws/build/dolly_gazebo/CMakeFiles/CMakeTmp'
Makefile:138: recipe for target 'cmTC_1aa2d/fast' failed
make: *** [cmTC_1aa2d/fast] Error 2


Source file was:
#include <pthread.h>

void* test_func(void* data)
{
  return data;
}

int main(void)
{
  pthread_t thread;
  pthread_create(&thread, NULL, test_func, NULL);
  pthread_detach(thread);
  pthread_cancel(thread);
  pthread_join(thread, NULL);
  pthread_atfork(NULL, NULL, NULL);
  pthread_exit(NULL);

  return 0;
}

Determining if the function pthread_create exists in the pthreads failed with the following output:
Change Dir: /home/hema/ankhrobotics.github.io/Lectures/ros2_course/dolly_ws/build/dolly_gazebo/CMakeFiles/CMakeTmp

Run Build Command(s):/usr/bin/make cmTC_892d3/fast && /usr/bin/make -f CMakeFiles/cmTC_892d3.dir/build.make CMakeFiles/cmTC_892d3.dir/build
make[1]: Entering directory '/home/hema/ankhrobotics.github.io/Lectures/ros2_course/dolly_ws/build/dolly_gazebo/CMakeFiles/CMakeTmp'
Building C object CMakeFiles/cmTC_892d3.dir/CheckFunctionExists.c.o
/usr/bin/cc   -DCHECK_FUNCTION_EXISTS=pthread_create   -o CMakeFiles/cmTC_892d3.dir/CheckFunctionExists.c.o   -c /opt/cmake-3.17.0-Linux-x86_64/share/cmake-3.17/Modules/CheckFunctionExists.c
Linking C executable cmTC_892d3
/opt/cmake-3.17.0-Linux-x86_64/bin/cmake -E cmake_link_script CMakeFiles/cmTC_892d3.dir/link.txt --verbose=1
/usr/bin/cc  -DCHECK_FUNCTION_EXISTS=pthread_create    CMakeFiles/cmTC_892d3.dir/CheckFunctionExists.c.o  -o cmTC_892d3  -lpthreads 
/usr/bin/ld: cannot find -lpthreads
collect2: error: ld returned 1 exit status
CMakeFiles/cmTC_892d3.dir/build.make:103: recipe for target 'cmTC_892d3' failed
make[1]: *** [cmTC_892d3] Error 1
make[1]: Leaving directory '/home/hema/ankhrobotics.github.io/Lectures/ros2_course/dolly_ws/build/dolly_gazebo/CMakeFiles/CMakeTmp'
Makefile:138: recipe for target 'cmTC_892d3/fast' failed
make: *** [cmTC_892d3/fast] Error 2



